#
# A fatal error has been detected by the Java Runtime Environment:
#
#  EXCEPTION_UNCAUGHT_CXX_EXCEPTION (0xe06d7363) at pc=0x00007ffd41084f69, pid=5568, tid=14248
#
# JRE version: OpenJDK Runtime Environment AdoptOpenJDK (16.0+36) (build 16+36)
# Java VM: OpenJDK 64-Bit Server VM AdoptOpenJDK (16+36, mixed mode, sharing, tiered, compressed oops, g1 gc, windows-amd64)
# Problematic frame:
# C  [KERNELBASE.dll+0x34f69]
#
# No core dump will be written. Minidumps are not enabled by default on client versions of Windows
#
# If you would like to submit a bug report, please visit:
#   https://github.com/AdoptOpenJDK/openjdk-support/issues
# The crash happened outside the Java Virtual Machine in native code.
# See problematic frame for where to report the bug.
#

---------------  S U M M A R Y ------------

Command Line: 

Host: Intel(R) Core(TM) i7-2600K CPU @ 3.40GHz, 8 cores, 31G,  Windows 10 , 64 bit Build 19041 (10.0.19041.1348)
Time: Wed Jan  5 12:26:33 2022  Windows 10 , 64 bit Build 19041 (10.0.19041.1348) elapsed time: 154.085756 seconds (0d 0h 2m 34s)

---------------  T H R E A D  ---------------

Current thread (0x000001cd3614b930):  JavaThread "main" [_thread_in_native, id=14248, stack(0x0000007ec6e50000,0x0000007ec6f50000)]

Stack: [0x0000007ec6e50000,0x0000007ec6f50000],  sp=0x0000007ec6f4b690,  free space=1005k
Native frames: (J=compiled Java code, j=interpreted, Vv=VM code, C=native code)
C  [KERNELBASE.dll+0x34f69]
C  [VCRUNTIME140.dll+0x6480]
C  [cuOptimThinning.dll+0x2a26b]

Java frames: (J=compiled Java code, j=interpreted, Vv=VM code)
j  thinningoptim.SA2021.run(Ljava/lang/String;)Ljava/lang/String;+0
v  ~StubRoutines::call_stub
j  jdk.internal.reflect.NativeMethodAccessorImpl.invoke0(Ljava/lang/reflect/Method;Ljava/lang/Object;[Ljava/lang/Object;)Ljava/lang/Object;+0 java.base@16
j  jdk.internal.reflect.NativeMethodAccessorImpl.invoke(Ljava/lang/Object;[Ljava/lang/Object;)Ljava/lang/Object;+146 java.base@16
j  jdk.internal.reflect.DelegatingMethodAccessorImpl.invoke(Ljava/lang/Object;[Ljava/lang/Object;)Ljava/lang/Object;+6 java.base@16
j  java.lang.reflect.Method.invoke(Ljava/lang/Object;[Ljava/lang/Object;)Ljava/lang/Object;+59 java.base@16
v  ~StubRoutines::call_stub

siginfo: EXCEPTION_UNCAUGHT_CXX_EXCEPTION (0xe06d7363), ExceptionInformation=0x0000000019930520 0x0000007ec6f4b7f8 0x00007ffd233d03d8 0x00007ffd23380000 


Register to memory mapping:

RIP=0x00007ffd41084f69 KERNELBASE.dll
RAX=0x000000000000000c is an unknown value
RBX=0x00007ffd233d03d8 cuOptimThinning.dll
RCX=0x0000000100000000 is an unknown value
RDX=0x00007ff600000000 is an unknown value
RSP=0x0000007ec6f4b690 is pointing into the stack for thread: 0x000001cd3614b930
RBP=0x0000007ec6f4b8d0 is pointing into the stack for thread: 0x000001cd3614b930
RSI=0x0000007ec6f4b7f8 is pointing into the stack for thread: 0x000001cd3614b930
RDI=0x0000000019930520 is an unknown value
R8 =0x00007ffc0000000a is an unknown value
R9 =0x0000000100000000 is an unknown value
R10=0x0000007ec6f4bb98 is pointing into the stack for thread: 0x000001cd3614b930
R11=0x0000007ec6f4bb10 is pointing into the stack for thread: 0x000001cd3614b930
R12=0x000001cd70522040 points into unknown readable memory: 0x000001cd70517540 | 40 75 51 70 cd 01 00 00
R13=0x000001cd70522140 points into unknown readable memory: 0x000001cd70517060 | 60 70 51 70 cd 01 00 00
R14=0x000001cd70521da0 points into unknown readable memory: 0x000001cd6538ef90 | 90 ef 38 65 cd 01 00 00
R15=0x000001cd70522060 points into unknown readable memory: 0x000001cd6538fa50 | 50 fa 38 65 cd 01 00 00


Registers:
RAX=0x000000000000000c, RBX=0x00007ffd233d03d8, RCX=0x0000000100000000, RDX=0x00007ff600000000
RSP=0x0000007ec6f4b690, RBP=0x0000007ec6f4b8d0, RSI=0x0000007ec6f4b7f8, RDI=0x0000000019930520
R8 =0x00007ffc0000000a, R9 =0x0000000100000000, R10=0x0000007ec6f4bb98, R11=0x0000007ec6f4bb10
R12=0x000001cd70522040, R13=0x000001cd70522140, R14=0x000001cd70521da0, R15=0x000001cd70522060
RIP=0x00007ffd41084f69, EFLAGS=0x0000000000000202

Top of Stack: (sp=0x0000007ec6f4b690)
0x0000007ec6f4b690:   0000000600000003 00007ffd233d03d8
0x0000007ec6f4b6a0:   0000007ec6f4b7f8 000001cd2c41d440
0x0000007ec6f4b6b0:   00000001e06d7363 0000000000000000
0x0000007ec6f4b6c0:   00007ffd41084f69 000001cd00000004
0x0000007ec6f4b6d0:   0000000019930520 0000007ec6f4b7f8
0x0000007ec6f4b6e0:   00007ffd233d03d8 00007ffd23380000
0x0000007ec6f4b6f0:   000001cd70522140 000001cd70522040
0x0000007ec6f4b700:   0000007ec6f4b7f8 0000007ec6f4b8d0
0x0000007ec6f4b710:   0000007ec6f4b790 00007ffd438a4a5f
0x0000007ec6f4b720:   0000000019930520 00007ffd00000000
0x0000007ec6f4b730:   0000000000000000 0000000000000044
0x0000007ec6f4b740:   00007ffd233d7000 00007ffd23380000
0x0000007ec6f4b750:   00000fc057664890 00007ffd195d61be
0x0000007ec6f4b760:   00007ffd233d03d8 00007ffd195d6480
0x0000007ec6f4b770:   00000001c2cae201 0000000500000001
0x0000007ec6f4b780:   000001cd70521da0 00007ffd2339dec4 

Instructions: (pc=0x00007ffd41084f69)
0x00007ffd41084e69:   d8 21 00 00 41 0f 44 c0 89 43 24 8b 41 18 89 43
0x00007ffd41084e79:   28 65 48 8b 04 25 60 00 00 00 48 8b 48 20 39 79
0x00007ffd41084e89:   08 7c 36 41 b9 40 00 00 00 48 89 7c 24 20 4c 8d
0x00007ffd41084e99:   44 24 30 48 83 c9 ff 41 8d 51 e5 48 ff 15 7d 9d
0x00007ffd41084ea9:   18 00 0f 1f 44 00 00 85 c0 0f 88 7f ef 06 00 81
0x00007ffd41084eb9:   7c 24 54 33 00 03 00 72 0f 48 8b 9c 24 80 00 00
0x00007ffd41084ec9:   00 48 83 c4 70 5f c3 cc 89 7b 2c eb ec cc cc cc
0x00007ffd41084ed9:   cc cc cc cc cc cc cc 65 48 8b 04 25 30 00 00 00
0x00007ffd41084ee9:   8b 40 68 c3 cc cc cc cc cc cc cc cc cc cc cc cc
0x00007ffd41084ef9:   cc cc cc cc cc cc cc 48 81 ec d8 00 00 00 48 8b
0x00007ffd41084f09:   05 62 5f 25 00 48 33 c4 48 89 84 24 c0 00 00 00
0x00007ffd41084f19:   48 83 64 24 28 00 48 8d 05 da ff ff ff 83 e2 01
0x00007ffd41084f29:   89 4c 24 20 89 54 24 24 48 89 44 24 30 4d 85 c9
0x00007ffd41084f39:   74 4c b8 0f 00 00 00 48 8d 4c 24 40 44 3b c0 49
0x00007ffd41084f49:   8b d1 44 0f 47 c0 44 89 44 24 38 49 c1 e0 03 e8
0x00007ffd41084f59:   1a d5 05 00 48 8d 4c 24 20 48 ff 15 9f 9d 18 00
0x00007ffd41084f69:   0f 1f 44 00 00 48 8b 8c 24 c0 00 00 00 48 33 cc
0x00007ffd41084f79:   e8 52 97 05 00 48 81 c4 d8 00 00 00 c3 cc 83 64
0x00007ffd41084f89:   24 38 00 eb cf cc cc cc cc cc cc cc cc cc cc cc
0x00007ffd41084f99:   cc cc cc cc cc cc cc 40 53 48 83 ec 30 48 8b d1
0x00007ffd41084fa9:   48 8d 4c 24 20 e8 e5 cc ff ff 85 c0 74 26 48 8b
0x00007ffd41084fb9:   4c 24 28 e8 8f 6f ff ff 48 8d 4c 24 20 8b d8 48
0x00007ffd41084fc9:   ff 15 91 95 18 00 0f 1f 44 00 00 8b c3 48 83 c4
0x00007ffd41084fd9:   30 5b c3 cc 83 c8 ff eb f4 cc cc cc cc cc cc cc
0x00007ffd41084fe9:   cc cc cc cc cc cc cc 48 8b c4 48 89 58 10 48 89
0x00007ffd41084ff9:   70 18 57 48 83 ec 60 0f 57 c0 0f 11 40 b8 48 8d
0x00007ffd41085009:   35 b2 f5 18 00 33 db 48 85 c9 48 0f 45 f1 48 8b
0x00007ffd41085019:   d6 48 8d 48 c8 48 ff 15 c3 9b 18 00 0f 1f 44 00
0x00007ffd41085029:   00 8b f8 89 44 24 70 85 c0 78 1f 41 b0 01 48 8d
0x00007ffd41085039:   54 24 30 48 8d 4c 24 20 48 ff 15 40 95 18 00 0f
0x00007ffd41085049:   1f 44 00 00 8b f8 89 44 24 70 85 ff 0f 88 e9 ed
0x00007ffd41085059:   06 00 48 83 c8 ff 48 8b c8 48 ff c1 66 39 1c 4e 


Stack slot to memory mapping:
stack at sp + 0 slots: 0x0000000600000003 is an unknown value
stack at sp + 1 slots: 0x00007ffd233d03d8 cuOptimThinning.dll
stack at sp + 2 slots: 0x0000007ec6f4b7f8 is pointing into the stack for thread: 0x000001cd3614b930
stack at sp + 3 slots: 0x000001cd2c41d440 points into unknown readable memory: 0x0000000000000000 | 00 00 00 00 00 00 00 00
stack at sp + 4 slots: 0x00000001e06d7363 is an unknown value
stack at sp + 5 slots: 0x0 is NULL
stack at sp + 6 slots: 0x00007ffd41084f69 KERNELBASE.dll
stack at sp + 7 slots: 0x000001cd00000004 is an unknown value


---------------  P R O C E S S  ---------------

Threads class SMR info:
_java_thread_list=0x000001cd64c4bdd0, length=12, elements={
0x000001cd3614b930, 0x000001cd365525d0, 0x000001cd36552ee0, 0x000001cd3656ea60,
0x000001cd36561820, 0x000001cd36562540, 0x000001cd36578a70, 0x000001cd365642b0,
0x000001cd36584b80, 0x000001cd365854d0, 0x000001cd36578fc0, 0x000001cd36577a80
}

Java Threads: ( => current thread )
=>0x000001cd3614b930 JavaThread "main" [_thread_in_native, id=14248, stack(0x0000007ec6e50000,0x0000007ec6f50000)]
  0x000001cd365525d0 JavaThread "Reference Handler" daemon [_thread_blocked, id=1304, stack(0x0000007ec8700000,0x0000007ec8800000)]
  0x000001cd36552ee0 JavaThread "Finalizer" daemon [_thread_blocked, id=15248, stack(0x0000007ec8800000,0x0000007ec8900000)]
  0x000001cd3656ea60 JavaThread "Signal Dispatcher" daemon [_thread_blocked, id=15108, stack(0x0000007ec8900000,0x0000007ec8a00000)]
  0x000001cd36561820 JavaThread "Attach Listener" daemon [_thread_blocked, id=8332, stack(0x0000007ec8a00000,0x0000007ec8b00000)]
  0x000001cd36562540 JavaThread "Service Thread" daemon [_thread_blocked, id=11980, stack(0x0000007ec8b00000,0x0000007ec8c00000)]
  0x000001cd36578a70 JavaThread "Monitor Deflation Thread" daemon [_thread_blocked, id=12292, stack(0x0000007ec8c00000,0x0000007ec8d00000)]
  0x000001cd365642b0 JavaThread "C2 CompilerThread0" daemon [_thread_blocked, id=2496, stack(0x0000007ec8d00000,0x0000007ec8e00000)]
  0x000001cd36584b80 JavaThread "C1 CompilerThread0" daemon [_thread_blocked, id=10284, stack(0x0000007ec8e00000,0x0000007ec8f00000)]
  0x000001cd365854d0 JavaThread "Sweeper thread" daemon [_thread_blocked, id=14720, stack(0x0000007ec8f00000,0x0000007ec9000000)]
  0x000001cd36578fc0 JavaThread "Notification Thread" daemon [_thread_blocked, id=10692, stack(0x0000007ec9000000,0x0000007ec9100000)]
  0x000001cd36577a80 JavaThread "Common-Cleaner" daemon [_thread_blocked, id=6976, stack(0x0000007ec9200000,0x0000007ec9300000)]

Other Threads:
  0x000001cd3654c020 VMThread "VM Thread" [stack: 0x0000007ec8600000,0x0000007ec8700000] [id=9568]
  0x000001cd64c4a8a0 WatcherThread [stack: 0x0000007ec9100000,0x0000007ec9200000] [id=6388]
  0x000001cd36278110 GCTaskThread "GC Thread#0" [stack: 0x0000007ec8100000,0x0000007ec8200000] [id=14144]
  0x000001cd3627cdb0 ConcurrentGCThread "G1 Main Marker" [stack: 0x0000007ec8200000,0x0000007ec8300000] [id=12996]
  0x000001cd3627e040 ConcurrentGCThread "G1 Conc#0" [stack: 0x0000007ec8300000,0x0000007ec8400000] [id=1200]
  0x000001cd363f6550 ConcurrentGCThread "G1 Refine#0" [stack: 0x0000007ec8400000,0x0000007ec8500000] [id=3268]
  0x000001cd363f6c80 ConcurrentGCThread "G1 Service" [stack: 0x0000007ec8500000,0x0000007ec8600000] [id=6852]

Threads with active compile tasks:

VM state: not at safepoint (normal execution)

VM Mutex/Monitor currently owned by a thread: None

Heap address: 0x0000000601800000, size: 8168 MB, Compressed Oops mode: Zero based, Oop shift amount: 3
CDS archive(s) mapped at: [0x0000000800000000-0x0000000800bf0000-0x0000000800bf0000), size 12517376, SharedBaseAddress: 0x0000000800000000, ArchiveRelocationMode: 0.
Compressed class space mapped at: 0x0000000800c00000-0x0000000840c00000, reserved size: 1073741824
Narrow klass base: 0x0000000800000000, Narrow klass shift: 3, Narrow klass range: 0x100000000

GC Precious Log:
 CPUs: 8 total, 8 available
 Memory: 32665M
 Large Page Support: Disabled
 NUMA Support: Disabled
 Compressed Oops: Enabled (Zero based)
 Heap Region Size: 4M
 Heap Min Capacity: 8M
 Heap Initial Capacity: 512M
 Heap Max Capacity: 8168M
 Pre-touch: Disabled
 Parallel Workers: 8
 Concurrent Workers: 2
 Concurrent Refinement Workers: 8
 Periodic GC: Disabled

Heap:
 garbage-first heap   total 524288K, used 0K [0x0000000601800000, 0x0000000800000000)
  region size 4096K, 1 young (4096K), 0 survivors (0K)
 Metaspace       used 922K, committed 1088K, reserved 1056768K
  class space    used 77K, committed 192K, reserved 1048576K

Heap Regions: E=young(eden), S=young(survivor), O=old, HS=humongous(starts), HC=humongous(continues), CS=collection set, F=free, OA=open archive, CA=closed archive, TAMS=top-at-mark-start (previous, next)
|   0|0x0000000601800000, 0x0000000601800000, 0x0000000601c00000|  0%| F|  |TAMS 0x0000000601800000, 0x0000000601800000| Untracked 
|   1|0x0000000601c00000, 0x0000000601c00000, 0x0000000602000000|  0%| F|  |TAMS 0x0000000601c00000, 0x0000000601c00000| Untracked 
|   2|0x0000000602000000, 0x0000000602000000, 0x0000000602400000|  0%| F|  |TAMS 0x0000000602000000, 0x0000000602000000| Untracked 
|   3|0x0000000602400000, 0x0000000602400000, 0x0000000602800000|  0%| F|  |TAMS 0x0000000602400000, 0x0000000602400000| Untracked 
|   4|0x0000000602800000, 0x0000000602800000, 0x0000000602c00000|  0%| F|  |TAMS 0x0000000602800000, 0x0000000602800000| Untracked 
|   5|0x0000000602c00000, 0x0000000602c00000, 0x0000000603000000|  0%| F|  |TAMS 0x0000000602c00000, 0x0000000602c00000| Untracked 
|   6|0x0000000603000000, 0x0000000603000000, 0x0000000603400000|  0%| F|  |TAMS 0x0000000603000000, 0x0000000603000000| Untracked 
|   7|0x0000000603400000, 0x0000000603400000, 0x0000000603800000|  0%| F|  |TAMS 0x0000000603400000, 0x0000000603400000| Untracked 
|   8|0x0000000603800000, 0x0000000603800000, 0x0000000603c00000|  0%| F|  |TAMS 0x0000000603800000, 0x0000000603800000| Untracked 
|   9|0x0000000603c00000, 0x0000000603c00000, 0x0000000604000000|  0%| F|  |TAMS 0x0000000603c00000, 0x0000000603c00000| Untracked 
|  10|0x0000000604000000, 0x0000000604000000, 0x0000000604400000|  0%| F|  |TAMS 0x0000000604000000, 0x0000000604000000| Untracked 
|  11|0x0000000604400000, 0x0000000604400000, 0x0000000604800000|  0%| F|  |TAMS 0x0000000604400000, 0x0000000604400000| Untracked 
|  12|0x0000000604800000, 0x0000000604800000, 0x0000000604c00000|  0%| F|  |TAMS 0x0000000604800000, 0x0000000604800000| Untracked 
|  13|0x0000000604c00000, 0x0000000604c00000, 0x0000000605000000|  0%| F|  |TAMS 0x0000000604c00000, 0x0000000604c00000| Untracked 
|  14|0x0000000605000000, 0x0000000605000000, 0x0000000605400000|  0%| F|  |TAMS 0x0000000605000000, 0x0000000605000000| Untracked 
|  15|0x0000000605400000, 0x0000000605400000, 0x0000000605800000|  0%| F|  |TAMS 0x0000000605400000, 0x0000000605400000| Untracked 
|  16|0x0000000605800000, 0x0000000605800000, 0x0000000605c00000|  0%| F|  |TAMS 0x0000000605800000, 0x0000000605800000| Untracked 
|  17|0x0000000605c00000, 0x0000000605c00000, 0x0000000606000000|  0%| F|  |TAMS 0x0000000605c00000, 0x0000000605c00000| Untracked 
|  18|0x0000000606000000, 0x0000000606000000, 0x0000000606400000|  0%| F|  |TAMS 0x0000000606000000, 0x0000000606000000| Untracked 
|  19|0x0000000606400000, 0x0000000606400000, 0x0000000606800000|  0%| F|  |TAMS 0x0000000606400000, 0x0000000606400000| Untracked 
|  20|0x0000000606800000, 0x0000000606800000, 0x0000000606c00000|  0%| F|  |TAMS 0x0000000606800000, 0x0000000606800000| Untracked 
|  21|0x0000000606c00000, 0x0000000606c00000, 0x0000000607000000|  0%| F|  |TAMS 0x0000000606c00000, 0x0000000606c00000| Untracked 
|  22|0x0000000607000000, 0x0000000607000000, 0x0000000607400000|  0%| F|  |TAMS 0x0000000607000000, 0x0000000607000000| Untracked 
|  23|0x0000000607400000, 0x0000000607400000, 0x0000000607800000|  0%| F|  |TAMS 0x0000000607400000, 0x0000000607400000| Untracked 
|  24|0x0000000607800000, 0x0000000607800000, 0x0000000607c00000|  0%| F|  |TAMS 0x0000000607800000, 0x0000000607800000| Untracked 
|  25|0x0000000607c00000, 0x0000000607c00000, 0x0000000608000000|  0%| F|  |TAMS 0x0000000607c00000, 0x0000000607c00000| Untracked 
|  26|0x0000000608000000, 0x0000000608000000, 0x0000000608400000|  0%| F|  |TAMS 0x0000000608000000, 0x0000000608000000| Untracked 
|  27|0x0000000608400000, 0x0000000608400000, 0x0000000608800000|  0%| F|  |TAMS 0x0000000608400000, 0x0000000608400000| Untracked 
|  28|0x0000000608800000, 0x0000000608800000, 0x0000000608c00000|  0%| F|  |TAMS 0x0000000608800000, 0x0000000608800000| Untracked 
|  29|0x0000000608c00000, 0x0000000608c00000, 0x0000000609000000|  0%| F|  |TAMS 0x0000000608c00000, 0x0000000608c00000| Untracked 
|  30|0x0000000609000000, 0x0000000609000000, 0x0000000609400000|  0%| F|  |TAMS 0x0000000609000000, 0x0000000609000000| Untracked 
|  31|0x0000000609400000, 0x0000000609400000, 0x0000000609800000|  0%| F|  |TAMS 0x0000000609400000, 0x0000000609400000| Untracked 
|  32|0x0000000609800000, 0x0000000609800000, 0x0000000609c00000|  0%| F|  |TAMS 0x0000000609800000, 0x0000000609800000| Untracked 
|  33|0x0000000609c00000, 0x0000000609c00000, 0x000000060a000000|  0%| F|  |TAMS 0x0000000609c00000, 0x0000000609c00000| Untracked 
|  34|0x000000060a000000, 0x000000060a000000, 0x000000060a400000|  0%| F|  |TAMS 0x000000060a000000, 0x000000060a000000| Untracked 
|  35|0x000000060a400000, 0x000000060a400000, 0x000000060a800000|  0%| F|  |TAMS 0x000000060a400000, 0x000000060a400000| Untracked 
|  36|0x000000060a800000, 0x000000060a800000, 0x000000060ac00000|  0%| F|  |TAMS 0x000000060a800000, 0x000000060a800000| Untracked 
|  37|0x000000060ac00000, 0x000000060ac00000, 0x000000060b000000|  0%| F|  |TAMS 0x000000060ac00000, 0x000000060ac00000| Untracked 
|  38|0x000000060b000000, 0x000000060b000000, 0x000000060b400000|  0%| F|  |TAMS 0x000000060b000000, 0x000000060b000000| Untracked 
|  39|0x000000060b400000, 0x000000060b400000, 0x000000060b800000|  0%| F|  |TAMS 0x000000060b400000, 0x000000060b400000| Untracked 
|  40|0x000000060b800000, 0x000000060b800000, 0x000000060bc00000|  0%| F|  |TAMS 0x000000060b800000, 0x000000060b800000| Untracked 
|  41|0x000000060bc00000, 0x000000060bc00000, 0x000000060c000000|  0%| F|  |TAMS 0x000000060bc00000, 0x000000060bc00000| Untracked 
|  42|0x000000060c000000, 0x000000060c000000, 0x000000060c400000|  0%| F|  |TAMS 0x000000060c000000, 0x000000060c000000| Untracked 
|  43|0x000000060c400000, 0x000000060c400000, 0x000000060c800000|  0%| F|  |TAMS 0x000000060c400000, 0x000000060c400000| Untracked 
|  44|0x000000060c800000, 0x000000060c800000, 0x000000060cc00000|  0%| F|  |TAMS 0x000000060c800000, 0x000000060c800000| Untracked 
|  45|0x000000060cc00000, 0x000000060cc00000, 0x000000060d000000|  0%| F|  |TAMS 0x000000060cc00000, 0x000000060cc00000| Untracked 
|  46|0x000000060d000000, 0x000000060d000000, 0x000000060d400000|  0%| F|  |TAMS 0x000000060d000000, 0x000000060d000000| Untracked 
|  47|0x000000060d400000, 0x000000060d400000, 0x000000060d800000|  0%| F|  |TAMS 0x000000060d400000, 0x000000060d400000| Untracked 
|  48|0x000000060d800000, 0x000000060d800000, 0x000000060dc00000|  0%| F|  |TAMS 0x000000060d800000, 0x000000060d800000| Untracked 
|  49|0x000000060dc00000, 0x000000060dc00000, 0x000000060e000000|  0%| F|  |TAMS 0x000000060dc00000, 0x000000060dc00000| Untracked 
|  50|0x000000060e000000, 0x000000060e000000, 0x000000060e400000|  0%| F|  |TAMS 0x000000060e000000, 0x000000060e000000| Untracked 
|  51|0x000000060e400000, 0x000000060e400000, 0x000000060e800000|  0%| F|  |TAMS 0x000000060e400000, 0x000000060e400000| Untracked 
|  52|0x000000060e800000, 0x000000060e800000, 0x000000060ec00000|  0%| F|  |TAMS 0x000000060e800000, 0x000000060e800000| Untracked 
|  53|0x000000060ec00000, 0x000000060ec00000, 0x000000060f000000|  0%| F|  |TAMS 0x000000060ec00000, 0x000000060ec00000| Untracked 
|  54|0x000000060f000000, 0x000000060f000000, 0x000000060f400000|  0%| F|  |TAMS 0x000000060f000000, 0x000000060f000000| Untracked 
|  55|0x000000060f400000, 0x000000060f400000, 0x000000060f800000|  0%| F|  |TAMS 0x000000060f400000, 0x000000060f400000| Untracked 
|  56|0x000000060f800000, 0x000000060f800000, 0x000000060fc00000|  0%| F|  |TAMS 0x000000060f800000, 0x000000060f800000| Untracked 
|  57|0x000000060fc00000, 0x000000060fc00000, 0x0000000610000000|  0%| F|  |TAMS 0x000000060fc00000, 0x000000060fc00000| Untracked 
|  58|0x0000000610000000, 0x0000000610000000, 0x0000000610400000|  0%| F|  |TAMS 0x0000000610000000, 0x0000000610000000| Untracked 
|  59|0x0000000610400000, 0x0000000610400000, 0x0000000610800000|  0%| F|  |TAMS 0x0000000610400000, 0x0000000610400000| Untracked 
|  60|0x0000000610800000, 0x0000000610800000, 0x0000000610c00000|  0%| F|  |TAMS 0x0000000610800000, 0x0000000610800000| Untracked 
|  61|0x0000000610c00000, 0x0000000610c00000, 0x0000000611000000|  0%| F|  |TAMS 0x0000000610c00000, 0x0000000610c00000| Untracked 
|  62|0x0000000611000000, 0x0000000611000000, 0x0000000611400000|  0%| F|  |TAMS 0x0000000611000000, 0x0000000611000000| Untracked 
|  63|0x0000000611400000, 0x0000000611400000, 0x0000000611800000|  0%| F|  |TAMS 0x0000000611400000, 0x0000000611400000| Untracked 
|  64|0x0000000611800000, 0x0000000611800000, 0x0000000611c00000|  0%| F|  |TAMS 0x0000000611800000, 0x0000000611800000| Untracked 
|  65|0x0000000611c00000, 0x0000000611c00000, 0x0000000612000000|  0%| F|  |TAMS 0x0000000611c00000, 0x0000000611c00000| Untracked 
|  66|0x0000000612000000, 0x0000000612000000, 0x0000000612400000|  0%| F|  |TAMS 0x0000000612000000, 0x0000000612000000| Untracked 
|  67|0x0000000612400000, 0x0000000612400000, 0x0000000612800000|  0%| F|  |TAMS 0x0000000612400000, 0x0000000612400000| Untracked 
|  68|0x0000000612800000, 0x0000000612800000, 0x0000000612c00000|  0%| F|  |TAMS 0x0000000612800000, 0x0000000612800000| Untracked 
|  69|0x0000000612c00000, 0x0000000612c00000, 0x0000000613000000|  0%| F|  |TAMS 0x0000000612c00000, 0x0000000612c00000| Untracked 
|  70|0x0000000613000000, 0x0000000613000000, 0x0000000613400000|  0%| F|  |TAMS 0x0000000613000000, 0x0000000613000000| Untracked 
|  71|0x0000000613400000, 0x0000000613400000, 0x0000000613800000|  0%| F|  |TAMS 0x0000000613400000, 0x0000000613400000| Untracked 
|  72|0x0000000613800000, 0x0000000613800000, 0x0000000613c00000|  0%| F|  |TAMS 0x0000000613800000, 0x0000000613800000| Untracked 
|  73|0x0000000613c00000, 0x0000000613c00000, 0x0000000614000000|  0%| F|  |TAMS 0x0000000613c00000, 0x0000000613c00000| Untracked 
|  74|0x0000000614000000, 0x0000000614000000, 0x0000000614400000|  0%| F|  |TAMS 0x0000000614000000, 0x0000000614000000| Untracked 
|  75|0x0000000614400000, 0x0000000614400000, 0x0000000614800000|  0%| F|  |TAMS 0x0000000614400000, 0x0000000614400000| Untracked 
|  76|0x0000000614800000, 0x0000000614800000, 0x0000000614c00000|  0%| F|  |TAMS 0x0000000614800000, 0x0000000614800000| Untracked 
|  77|0x0000000614c00000, 0x0000000614c00000, 0x0000000615000000|  0%| F|  |TAMS 0x0000000614c00000, 0x0000000614c00000| Untracked 
|  78|0x0000000615000000, 0x0000000615000000, 0x0000000615400000|  0%| F|  |TAMS 0x0000000615000000, 0x0000000615000000| Untracked 
|  79|0x0000000615400000, 0x0000000615400000, 0x0000000615800000|  0%| F|  |TAMS 0x0000000615400000, 0x0000000615400000| Untracked 
|  80|0x0000000615800000, 0x0000000615800000, 0x0000000615c00000|  0%| F|  |TAMS 0x0000000615800000, 0x0000000615800000| Untracked 
|  81|0x0000000615c00000, 0x0000000615c00000, 0x0000000616000000|  0%| F|  |TAMS 0x0000000615c00000, 0x0000000615c00000| Untracked 
|  82|0x0000000616000000, 0x0000000616000000, 0x0000000616400000|  0%| F|  |TAMS 0x0000000616000000, 0x0000000616000000| Untracked 
|  83|0x0000000616400000, 0x0000000616400000, 0x0000000616800000|  0%| F|  |TAMS 0x0000000616400000, 0x0000000616400000| Untracked 
|  84|0x0000000616800000, 0x0000000616800000, 0x0000000616c00000|  0%| F|  |TAMS 0x0000000616800000, 0x0000000616800000| Untracked 
|  85|0x0000000616c00000, 0x0000000616c00000, 0x0000000617000000|  0%| F|  |TAMS 0x0000000616c00000, 0x0000000616c00000| Untracked 
|  86|0x0000000617000000, 0x0000000617000000, 0x0000000617400000|  0%| F|  |TAMS 0x0000000617000000, 0x0000000617000000| Untracked 
|  87|0x0000000617400000, 0x0000000617400000, 0x0000000617800000|  0%| F|  |TAMS 0x0000000617400000, 0x0000000617400000| Untracked 
|  88|0x0000000617800000, 0x0000000617800000, 0x0000000617c00000|  0%| F|  |TAMS 0x0000000617800000, 0x0000000617800000| Untracked 
|  89|0x0000000617c00000, 0x0000000617c00000, 0x0000000618000000|  0%| F|  |TAMS 0x0000000617c00000, 0x0000000617c00000| Untracked 
|  90|0x0000000618000000, 0x0000000618000000, 0x0000000618400000|  0%| F|  |TAMS 0x0000000618000000, 0x0000000618000000| Untracked 
|  91|0x0000000618400000, 0x0000000618400000, 0x0000000618800000|  0%| F|  |TAMS 0x0000000618400000, 0x0000000618400000| Untracked 
|  92|0x0000000618800000, 0x0000000618800000, 0x0000000618c00000|  0%| F|  |TAMS 0x0000000618800000, 0x0000000618800000| Untracked 
|  93|0x0000000618c00000, 0x0000000618c00000, 0x0000000619000000|  0%| F|  |TAMS 0x0000000618c00000, 0x0000000618c00000| Untracked 
|  94|0x0000000619000000, 0x0000000619000000, 0x0000000619400000|  0%| F|  |TAMS 0x0000000619000000, 0x0000000619000000| Untracked 
|  95|0x0000000619400000, 0x0000000619400000, 0x0000000619800000|  0%| F|  |TAMS 0x0000000619400000, 0x0000000619400000| Untracked 
|  96|0x0000000619800000, 0x0000000619800000, 0x0000000619c00000|  0%| F|  |TAMS 0x0000000619800000, 0x0000000619800000| Untracked 
|  97|0x0000000619c00000, 0x0000000619c00000, 0x000000061a000000|  0%| F|  |TAMS 0x0000000619c00000, 0x0000000619c00000| Untracked 
|  98|0x000000061a000000, 0x000000061a000000, 0x000000061a400000|  0%| F|  |TAMS 0x000000061a000000, 0x000000061a000000| Untracked 
|  99|0x000000061a400000, 0x000000061a400000, 0x000000061a800000|  0%| F|  |TAMS 0x000000061a400000, 0x000000061a400000| Untracked 
| 100|0x000000061a800000, 0x000000061a800000, 0x000000061ac00000|  0%| F|  |TAMS 0x000000061a800000, 0x000000061a800000| Untracked 
| 101|0x000000061ac00000, 0x000000061ac00000, 0x000000061b000000|  0%| F|  |TAMS 0x000000061ac00000, 0x000000061ac00000| Untracked 
| 102|0x000000061b000000, 0x000000061b000000, 0x000000061b400000|  0%| F|  |TAMS 0x000000061b000000, 0x000000061b000000| Untracked 
| 103|0x000000061b400000, 0x000000061b400000, 0x000000061b800000|  0%| F|  |TAMS 0x000000061b400000, 0x000000061b400000| Untracked 
| 104|0x000000061b800000, 0x000000061b800000, 0x000000061bc00000|  0%| F|  |TAMS 0x000000061b800000, 0x000000061b800000| Untracked 
| 105|0x000000061bc00000, 0x000000061bc00000, 0x000000061c000000|  0%| F|  |TAMS 0x000000061bc00000, 0x000000061bc00000| Untracked 
| 106|0x000000061c000000, 0x000000061c000000, 0x000000061c400000|  0%| F|  |TAMS 0x000000061c000000, 0x000000061c000000| Untracked 
| 107|0x000000061c400000, 0x000000061c400000, 0x000000061c800000|  0%| F|  |TAMS 0x000000061c400000, 0x000000061c400000| Untracked 
| 108|0x000000061c800000, 0x000000061c800000, 0x000000061cc00000|  0%| F|  |TAMS 0x000000061c800000, 0x000000061c800000| Untracked 
| 109|0x000000061cc00000, 0x000000061cc00000, 0x000000061d000000|  0%| F|  |TAMS 0x000000061cc00000, 0x000000061cc00000| Untracked 
| 110|0x000000061d000000, 0x000000061d000000, 0x000000061d400000|  0%| F|  |TAMS 0x000000061d000000, 0x000000061d000000| Untracked 
| 111|0x000000061d400000, 0x000000061d400000, 0x000000061d800000|  0%| F|  |TAMS 0x000000061d400000, 0x000000061d400000| Untracked 
| 112|0x000000061d800000, 0x000000061d800000, 0x000000061dc00000|  0%| F|  |TAMS 0x000000061d800000, 0x000000061d800000| Untracked 
| 113|0x000000061dc00000, 0x000000061dc00000, 0x000000061e000000|  0%| F|  |TAMS 0x000000061dc00000, 0x000000061dc00000| Untracked 
| 114|0x000000061e000000, 0x000000061e000000, 0x000000061e400000|  0%| F|  |TAMS 0x000000061e000000, 0x000000061e000000| Untracked 
| 115|0x000000061e400000, 0x000000061e400000, 0x000000061e800000|  0%| F|  |TAMS 0x000000061e400000, 0x000000061e400000| Untracked 
| 116|0x000000061e800000, 0x000000061e800000, 0x000000061ec00000|  0%| F|  |TAMS 0x000000061e800000, 0x000000061e800000| Untracked 
| 117|0x000000061ec00000, 0x000000061ec00000, 0x000000061f000000|  0%| F|  |TAMS 0x000000061ec00000, 0x000000061ec00000| Untracked 
| 118|0x000000061f000000, 0x000000061f000000, 0x000000061f400000|  0%| F|  |TAMS 0x000000061f000000, 0x000000061f000000| Untracked 
| 119|0x000000061f400000, 0x000000061f400000, 0x000000061f800000|  0%| F|  |TAMS 0x000000061f400000, 0x000000061f400000| Untracked 
| 120|0x000000061f800000, 0x000000061f800000, 0x000000061fc00000|  0%| F|  |TAMS 0x000000061f800000, 0x000000061f800000| Untracked 
| 121|0x000000061fc00000, 0x000000061fc00000, 0x0000000620000000|  0%| F|  |TAMS 0x000000061fc00000, 0x000000061fc00000| Untracked 
| 122|0x0000000620000000, 0x0000000620000000, 0x0000000620400000|  0%| F|  |TAMS 0x0000000620000000, 0x0000000620000000| Untracked 
| 123|0x0000000620400000, 0x0000000620400000, 0x0000000620800000|  0%| F|  |TAMS 0x0000000620400000, 0x0000000620400000| Untracked 
| 124|0x0000000620800000, 0x0000000620800000, 0x0000000620c00000|  0%| F|  |TAMS 0x0000000620800000, 0x0000000620800000| Untracked 
| 125|0x0000000620c00000, 0x0000000620c00000, 0x0000000621000000|  0%| F|  |TAMS 0x0000000620c00000, 0x0000000620c00000| Untracked 
| 126|0x0000000621000000, 0x0000000621000000, 0x0000000621400000|  0%| F|  |TAMS 0x0000000621000000, 0x0000000621000000| Untracked 
| 127|0x0000000621400000, 0x00000006216e1c98, 0x0000000621800000| 72%| E|  |TAMS 0x0000000621400000, 0x0000000621400000| Complete 

Card table byte_map: [0x000001cd4f8c0000,0x000001cd508c0000] _byte_map_base: 0x000001cd4c8b4000

Marking Bits (Prev, Next): (CMBitMap*) 0x000001cd36278430, (CMBitMap*) 0x000001cd36278470
 Prev Bits: [0x000001cd518c0000, 0x000001cd59860000)
 Next Bits: [0x000001cd59860000, 0x000001cd61800000)

Polling page: 0x000001cd2c5b0000

Metaspace:

Usage:
  Non-class:    845.65 KB used.
      Class:     77.09 KB used.
       Both:    922.73 KB used.

Virtual space:
  Non-class space:        8.00 MB reserved,     896.00 KB ( 11%) committed,  1 nodes.
      Class space:        1.00 GB reserved,     192.00 KB ( <1%) committed,  1 nodes.
              Both:        1.01 GB reserved,       1.06 MB ( <1%) committed. 

Chunk freelists:
   Non-Class:  3.96 MB
       Class:  3.74 MB
        Both:  7.70 MB

MaxMetaspaceSize: 17179869184.00 GB
CompressedClassSpaceSize: 1.00 GB
 - commit_granule_bytes: 65536.
 - commit_granule_words: 8192.
 - virtual_space_node_default_size: 1048576.
 - enlarge_chunks_in_place: 1.
 - new_chunks_are_fully_committed: 0.
 - uncommit_free_chunks: 1.
 - use_allocation_guard: 0.
 - handle_deallocations: 1.


Internal statistics:

num_allocs_failed_limit: 0.
num_arena_births: 14.
num_arena_deaths: 0.
num_vsnodes_births: 2.
num_vsnodes_deaths: 0.
num_space_committed: 17.
num_space_uncommitted: 0.
num_chunks_returned_to_freelist: 0.
num_chunks_taken_from_freelist: 21.
num_chunk_merges: 0.
num_chunk_splits: 15.
num_chunks_enlarged: 7.
num_purges: 0.

CodeHeap 'non-profiled nmethods': size=120000Kb used=51Kb max_used=51Kb free=119948Kb
 bounds [0x000001cd46a20000, 0x000001cd46c90000, 0x000001cd4df50000]
CodeHeap 'profiled nmethods': size=120000Kb used=263Kb max_used=263Kb free=119736Kb
 bounds [0x000001cd3f4f0000, 0x000001cd3f760000, 0x000001cd46a20000]
CodeHeap 'non-nmethods': size=5760Kb used=1114Kb max_used=1127Kb free=4645Kb
 bounds [0x000001cd3ef50000, 0x000001cd3f1c0000, 0x000001cd3f4f0000]
 total_blobs=575 nmethods=189 adapters=299
 compilation: enabled
              stopped_count=0, restarted_count=0
 full_count=0

Compilation events (20 events):
Event: 0.124 Thread 0x000001cd36584b80  172       3       jdk.internal.misc.Unsafe::allocateUninitializedArray0 (90 bytes)
Event: 0.124 Thread 0x000001cd36584b80 nmethod 172 0x000001cd3f52e790 code [0x000001cd3f52e9a0, 0x000001cd3f52f338]
Event: 35.205 Thread 0x000001cd36584b80  180       3       java.lang.ref.SoftReference::get (29 bytes)
Event: 35.205 Thread 0x000001cd36584b80 nmethod 180 0x000001cd3f52f490 code [0x000001cd3f52f640, 0x000001cd3f52f818]
Event: 35.205 Thread 0x000001cd36584b80  181       3       java.nio.charset.Charset::lookup (44 bytes)
Event: 35.205 Thread 0x000001cd36584b80 nmethod 181 0x000001cd3f52f890 code [0x000001cd3f52fa80, 0x000001cd3f52ff08]
Event: 35.205 Thread 0x000001cd36584b80  183       3       java.lang.AbstractStringBuilder::newCapacity (59 bytes)
Event: 35.206 Thread 0x000001cd36584b80 nmethod 183 0x000001cd3f530090 code [0x000001cd3f530280, 0x000001cd3f5307d8]
Event: 35.206 Thread 0x000001cd36584b80  182       1       java.lang.Class::getModule (5 bytes)
Event: 35.206 Thread 0x000001cd36584b80 nmethod 182 0x000001cd46a2c390 code [0x000001cd46a2c520, 0x000001cd46a2c5f8]
Event: 142.231 Thread 0x000001cd365642b0  184       4       java.lang.String::equals (50 bytes)
Event: 142.231 Thread 0x000001cd36584b80  185       3       java.lang.StringCoding::deref (19 bytes)
Event: 142.232 Thread 0x000001cd36584b80 nmethod 185 0x000001cd3f530a10 code [0x000001cd3f530be0, 0x000001cd3f530fb8]
Event: 142.232 Thread 0x000001cd365642b0 nmethod 184 0x000001cd46a2c690 code [0x000001cd46a2c820, 0x000001cd46a2c9f8]
Event: 142.232 Thread 0x000001cd36584b80  186       3       jdk.internal.reflect.ClassFileAssembler::emitByte (11 bytes)
Event: 142.233 Thread 0x000001cd36584b80 nmethod 186 0x000001cd3f531110 code [0x000001cd3f5312c0, 0x000001cd3f531468]
Event: 142.233 Thread 0x000001cd36584b80  187       3       jdk.internal.reflect.ByteVectorImpl::add (38 bytes)
Event: 142.233 Thread 0x000001cd36584b80 nmethod 187 0x000001cd3f531590 code [0x000001cd3f531740, 0x000001cd3f531928]
Event: 154.071 Thread 0x000001cd36584b80  189       3       java.util.HashMap::get (19 bytes)
Event: 154.071 Thread 0x000001cd36584b80 nmethod 189 0x000001cd3f531a90 code [0x000001cd3f531c40, 0x000001cd3f531e08]

GC Heap History (0 events):
No events

Deoptimization events (0 events):
No events

Classes unloaded (0 events):
No events

Classes redefined (0 events):
No events

Internal exceptions (1 events):
Event: 0.089 Thread 0x000001cd3614b930 Exception <a 'java/lang/NoSuchMethodError'{0x000000062156d218}: 'java.lang.Object java.lang.invoke.DirectMethodHandle$Holder.invokeStaticInit(java.lang.Object, int)'> (0x000000062156d218) 
thrown [j:\jenkins\tmp\workspace\build\src\src\hotspot\share\interpreter\linkResolver.cpp, line 790]

Events (20 events):
Event: 142.232 loading class jdk/internal/reflect/ByteVectorFactory
Event: 142.232 loading class jdk/internal/reflect/ByteVectorFactory done
Event: 142.232 loading class jdk/internal/reflect/ByteVectorImpl
Event: 142.232 loading class jdk/internal/reflect/ByteVector
Event: 142.232 loading class jdk/internal/reflect/ByteVector done
Event: 142.232 loading class jdk/internal/reflect/ByteVectorImpl done
Event: 142.232 loading class jdk/internal/reflect/ClassFileAssembler
Event: 142.232 loading class jdk/internal/reflect/ClassFileAssembler done
Event: 142.232 loading class jdk/internal/reflect/UTF8
Event: 142.232 loading class jdk/internal/reflect/UTF8 done
Event: 142.233 loading class jdk/internal/reflect/Label
Event: 142.233 loading class jdk/internal/reflect/Label done
Event: 142.233 loading class jdk/internal/reflect/Label$PatchInfo
Event: 142.233 loading class jdk/internal/reflect/Label$PatchInfo done
Event: 142.233 loading class jdk/internal/reflect/MethodAccessorGenerator$1
Event: 142.233 loading class jdk/internal/reflect/MethodAccessorGenerator$1 done
Event: 142.233 loading class jdk/internal/reflect/ClassDefiner
Event: 142.233 loading class jdk/internal/reflect/ClassDefiner done
Event: 142.233 loading class jdk/internal/reflect/ClassDefiner$1
Event: 142.233 loading class jdk/internal/reflect/ClassDefiner$1 done


Dynamic libraries:
0x00007ff6bcfb0000 - 0x00007ff6c0afc000 	C:\Program Files\nodejs\node.exe
0x00007ffd43870000 - 0x00007ffd43a65000 	C:\WINDOWS\SYSTEM32\ntdll.dll
0x00007ffd43770000 - 0x00007ffd4382e000 	C:\WINDOWS\System32\KERNEL32.DLL
0x00007ffd41050000 - 0x00007ffd41318000 	C:\WINDOWS\System32\KERNELBASE.dll
0x00007ffd41d60000 - 0x00007ffd41dcb000 	C:\WINDOWS\System32\WS2_32.dll
0x00007ffd41e90000 - 0x00007ffd41fba000 	C:\WINDOWS\System32\RPCRT4.dll
0x00007ffd41dd0000 - 0x00007ffd41dd8000 	C:\WINDOWS\System32\PSAPI.DLL
0x00007ffd418b0000 - 0x00007ffd4195c000 	C:\WINDOWS\System32\ADVAPI32.dll
0x00007ffd37980000 - 0x00007ffd37b64000 	C:\WINDOWS\SYSTEM32\dbghelp.dll
0x00007ffd42660000 - 0x00007ffd426fe000 	C:\WINDOWS\System32\msvcrt.dll
0x00007ffd41320000 - 0x00007ffd41420000 	C:\WINDOWS\System32\ucrtbase.dll
0x00007ffd41cc0000 - 0x00007ffd41d5b000 	C:\WINDOWS\System32\sechost.dll
0x00007ffd427e0000 - 0x00007ffd42981000 	C:\WINDOWS\System32\USER32.dll
0x00007ffd403d0000 - 0x00007ffd4040b000 	C:\WINDOWS\SYSTEM32\IPHLPAPI.DLL
0x00007ffd40e80000 - 0x00007ffd40eae000 	C:\WINDOWS\SYSTEM32\USERENV.dll
0x00007ffd41530000 - 0x00007ffd41552000 	C:\WINDOWS\System32\win32u.dll
0x00007ffd42580000 - 0x00007ffd425ab000 	C:\WINDOWS\System32\GDI32.dll
0x00007ffd41420000 - 0x00007ffd4152d000 	C:\WINDOWS\System32\gdi32full.dll
0x00007ffd40fb0000 - 0x00007ffd4104d000 	C:\WINDOWS\System32\msvcp_win.dll
0x00007ffd41640000 - 0x00007ffd41796000 	C:\WINDOWS\System32\CRYPT32.dll
0x00007ffd40f80000 - 0x00007ffd40fa7000 	C:\WINDOWS\System32\bcrypt.dll
0x00007ffd35130000 - 0x00007ffd35157000 	C:\WINDOWS\SYSTEM32\WINMM.dll
0x00007ffd40920000 - 0x00007ffd4092c000 	C:\WINDOWS\SYSTEM32\CRYPTBASE.DLL
0x00007ffd431c0000 - 0x00007ffd431f0000 	C:\WINDOWS\System32\IMM32.DLL
0x00007ffd40540000 - 0x00007ffd4058b000 	C:\WINDOWS\SYSTEM32\powrprof.dll
0x00007ffd403b0000 - 0x00007ffd403c2000 	C:\WINDOWS\SYSTEM32\UMPDC.dll
0x00007ffd3e910000 - 0x00007ffd3e9ae000 	C:\WINDOWS\system32\uxtheme.dll
0x00007ffd433b0000 - 0x00007ffd43705000 	C:\WINDOWS\System32\combase.dll
0x00007ffd40730000 - 0x00007ffd4079a000 	C:\WINDOWS\system32\mswsock.dll
0x00007ffd3ee90000 - 0x00007ffd3eea2000 	C:\WINDOWS\SYSTEM32\kernel.appcore.dll
0x00007ffd41560000 - 0x00007ffd415e2000 	C:\WINDOWS\System32\bcryptprimitives.dll
0x00007ffd289a0000 - 0x00007ffd28a06000 	\\?\E:\shiun\forest-operation-optimization\node_modules\java\build\Release\nodejavabridge_bindings.node
0x00007ffceb110000 - 0x00007ffcebd47000 	C:\Program Files\AdoptOpenJDK\jdk-16.0.0.36-hotspot\bin\server\jvm.dll
0x00007ffd19530000 - 0x00007ffd1953c000 	C:\WINDOWS\SYSTEM32\VCRUNTIME140_1.dll
0x00007ffd38750000 - 0x00007ffd3875a000 	C:\WINDOWS\SYSTEM32\VERSION.dll
0x00007ffcf5ed0000 - 0x00007ffcf5ed9000 	C:\WINDOWS\SYSTEM32\WSOCK32.dll
0x00007ffd195d0000 - 0x00007ffd195eb000 	C:\WINDOWS\SYSTEM32\VCRUNTIME140.dll
0x00007ffd3c820000 - 0x00007ffd3c82a000 	C:\Program Files\AdoptOpenJDK\jdk-16.0.0.36-hotspot\bin\jimage.dll
0x00007ffd31ff0000 - 0x00007ffd3201c000 	C:\WINDOWS\SYSTEM32\dbgcore.DLL
0x00007ffd35080000 - 0x00007ffd350a5000 	C:\Program Files\AdoptOpenJDK\jdk-16.0.0.36-hotspot\bin\java.dll
0x00007ffd42a70000 - 0x00007ffd431b4000 	C:\WINDOWS\System32\SHELL32.dll
0x00007ffd3f090000 - 0x00007ffd3f824000 	C:\WINDOWS\SYSTEM32\windows.storage.dll
0x00007ffd409d0000 - 0x00007ffd409fe000 	C:\WINDOWS\SYSTEM32\Wldp.dll
0x00007ffd41de0000 - 0x00007ffd41e8d000 	C:\WINDOWS\System32\SHCORE.dll
0x00007ffd41a90000 - 0x00007ffd41ae5000 	C:\WINDOWS\System32\shlwapi.dll
0x00007ffd40ec0000 - 0x00007ffd40edf000 	C:\WINDOWS\SYSTEM32\profapi.dll
0x00007ffd3c2b0000 - 0x00007ffd3c2c9000 	C:\Program Files\AdoptOpenJDK\jdk-16.0.0.36-hotspot\bin\net.dll
0x00007ffd3bac0000 - 0x00007ffd3bbcc000 	C:\WINDOWS\SYSTEM32\WINHTTP.dll
0x00007ffd34d60000 - 0x00007ffd34d73000 	C:\Program Files\AdoptOpenJDK\jdk-16.0.0.36-hotspot\bin\nio.dll
0x00007ffd322e0000 - 0x00007ffd322f8000 	C:\Program Files\AdoptOpenJDK\jdk-16.0.0.36-hotspot\bin\zip.dll
0x00007ffd23380000 - 0x00007ffd23455000 	E:\shiun\forest-operation-optimization\cuOptimThinning.dll
0x00007ffd19540000 - 0x00007ffd195cd000 	C:\WINDOWS\SYSTEM32\MSVCP140.dll
0x00007ffd23340000 - 0x00007ffd23371000 	C:\WINDOWS\SYSTEM32\VCOMP140.DLL
0x00007ffd170e0000 - 0x00007ffd1737d000 	C:\WINDOWS\SYSTEM32\nvcuda.dll
0x00007ffce33a0000 - 0x00007ffce4962000 	C:\WINDOWS\system32\DriverStore\FileRepository\nv_dispui.inf_amd64_dea74e4f4c8ef67c\nvcuda64.dll
0x00007ffd40b60000 - 0x00007ffd40b72000 	C:\WINDOWS\SYSTEM32\msasn1.dll
0x00007ffd38690000 - 0x00007ffd386c1000 	C:\WINDOWS\SYSTEM32\cryptnet.dll
0x00007ffd35b70000 - 0x00007ffd36260000 	C:\WINDOWS\SYSTEM32\nvapi64.dll
0x00007ffd42090000 - 0x00007ffd42502000 	C:\WINDOWS\System32\SETUPAPI.DLL
0x00007ffd415f0000 - 0x00007ffd4163e000 	C:\WINDOWS\System32\cfgmgr32.dll
0x00007ffd43280000 - 0x00007ffd433aa000 	C:\WINDOWS\System32\OLE32.DLL

dbghelp: loaded successfully - version: 4.0.5 - missing functions: none
symbol engine: initialized successfully - sym options: 0x614 - pdb path: .;C:\Program Files\nodejs;C:\WINDOWS\SYSTEM32;\\?\E:\shiun\forest-operation-optimization\node_modules\java\build\Release;C:\Program Files\AdoptOpenJDK\jdk-16.0.0.36-hotspot\bin\server;C:\Program Files\AdoptOpenJDK\jdk-16.0.0.36-hotspot\bin;E:\shiun\forest-operation-optimization;C:\WINDOWS\system32\DriverStore\FileRepository\nv_dispui.inf_amd64_dea74e4f4c8ef67c

VM Arguments:
java_command: <unknown>
java_class_path (initial): E:\shiun\forest-operation-optimization\node_modules\java\commons-lang3-node-java.jar;E:\shiun\forest-operation-optimization\node_modules\java\src-java;OptimThinningJNI-1.0.jar
Launcher Type: generic

[Global flags]
     intx CICompilerCount                          = 4                                         {product} {ergonomic}
     uint ConcGCThreads                            = 2                                         {product} {ergonomic}
     uint G1ConcRefinementThreads                  = 8                                         {product} {ergonomic}
   size_t G1HeapRegionSize                         = 4194304                                   {product} {ergonomic}
    uintx GCDrainStackTargetSize                   = 64                                        {product} {ergonomic}
   size_t InitialHeapSize                          = 536870912                                 {product} {ergonomic}
   size_t MarkStackSize                            = 4194304                                   {product} {ergonomic}
   size_t MaxHeapSize                              = 8564768768                                {product} {ergonomic}
   size_t MaxNewSize                               = 5138022400                                {product} {ergonomic}
   size_t MinHeapDeltaBytes                        = 4194304                                   {product} {ergonomic}
   size_t MinHeapSize                              = 8388608                                   {product} {ergonomic}
    uintx NonNMethodCodeHeapSize                   = 5839372                                {pd product} {ergonomic}
    uintx NonProfiledCodeHeapSize                  = 122909434                              {pd product} {ergonomic}
    uintx ProfiledCodeHeapSize                     = 122909434                              {pd product} {ergonomic}
    uintx ReservedCodeCacheSize                    = 251658240                              {pd product} {ergonomic}
     bool SegmentedCodeCache                       = true                                      {product} {ergonomic}
   size_t SoftMaxHeapSize                          = 8564768768                             {manageable} {ergonomic}
     bool UseCompressedClassPointers               = true                           {product lp64_product} {ergonomic}
     bool UseCompressedOops                        = true                           {product lp64_product} {ergonomic}
     bool UseG1GC                                  = true                                      {product} {ergonomic}
     bool UseLargePagesIndividualAllocation        = false                                  {pd product} {ergonomic}

Logging:
Log output configuration:
 #0: stdout all=warning uptime,level,tags
 #1: stderr all=off uptime,level,tags

Environment Variables:
JAVA_HOME=C:\Program Files\AdoptOpenJDK\jdk-16.0.0.36-hotspot
PATH=Z:\temp\yarn--1641353033407-0.7759114669161375;E:\shiun\forest-operation-optimization\node_modules\.bin;C:\Users\fpsfm\AppData\Local\Yarn\Data\link\node_modules\.bin;C:\Program Files\libexec\lib\node_modules\npm\bin\node-gyp-bin;C:\Program Files\lib\node_modules\npm\bin\node-gyp-bin;C:\Program Files\nodejs\node_modules\npm\bin\node-gyp-bin;C:\Program Files\AdoptOpenJDK\jdk-16.0.0.36-hotspot\bin;C:\Program Files\NVIDIA GPU Computing Toolkit\CUDA\v11.2\bin;C:\Program Files\NVIDIA GPU Computing Toolkit\CUDA\v11.2\libnvvp;C:\WINDOWS\system32;C:\WINDOWS;C:\WINDOWS\System32\Wbem;C:\WINDOWS\System32\WindowsPowerShell\v1.0\;C:\WINDOWS\System32\OpenSSH\;C:\Program Files\NVIDIA Corporation\Nsight Compute 2020.3.1\;C:\Program Files (x86)\NVIDIA Corporation\PhysX\Common;C:\Program Files\NVIDIA Corporation\NVIDIA NvDLISR;C:\WINDOWS\system32;C:\WINDOWS;C:\WINDOWS\System32\Wbem;C:\WINDOWS\System32\WindowsPowerShell\v1.0\;C:\WINDOWS\System32\OpenSSH\;C:\Program Files\Git\cmd;C:\Users\fpsfm\AppData\Roaming\nvm;C:\Program Files\nodejs;C:\Program Files\nodejs\;C:\Users\fpsfm\AppData\Local\Microsoft\WindowsApps;C:\Users\fpsfm\AppData\Local\Programs\Microsoft VS Code\bin;C:\Program Files\Git\bin;C:\Program Files\Git\cmd;C:\Users\fpsfm\AppData\Roaming\nvm;C:\Program Files\nodejs;E:\Windows\fpsfmデスクトップ\nvm-setup\nvm-setup.exe;C:\Users\fpsfm\AppData\Local\Yarn\bin;C:\Users\fpsfm\AppData\Roaming\npm;C:\Program Files\AdoptOpenJDK\jdk-16.0.0.36-hotspot\bin;C:\Program Files\Heroku\bin;C:\Users\fpsfm\AppData\Roaming\npm;
USERNAME=fpsfm
LANG=ja_JP.UTF-8
OS=Windows_NT
PROCESSOR_IDENTIFIER=Intel64 Family 6 Model 42 Stepping 7, GenuineIntel



---------------  S Y S T E M  ---------------

OS:
 Windows 10 , 64 bit Build 19041 (10.0.19041.1348)
OS uptime: 5 days 0:23 hours

CPU: total 8 (initial active 8) (4 cores per cpu, 2 threads per core) family 6 model 42 stepping 7 microcode 0x2f, cx8, cmov, fxsr, ht, mmx, sse, sse2, sse3, ssse3, sse4.1, sse4.2, popcnt, tsc, tscinvbit, avx, aes, clmul, vzeroupper, clflush

Memory: 4k page, system-wide physical 32665M (17618M free)
TotalPageFile size 32665M (AvailPageFile size 13204M)
current process WorkingSet (physical memory assigned to process): 131M, peak: 150M
current process commit charge ("private bytes"): 865M, peak: 902M

vm_info: OpenJDK 64-Bit Server VM (16+36) for windows-amd64 JRE (16+36), built on Mar 11 2021 10:56:33 by "" with MS VC++ 16.7 (VS2019)

END.
