#
# A fatal error has been detected by the Java Runtime Environment:
#
#  EXCEPTION_UNCAUGHT_CXX_EXCEPTION (0xe06d7363) at pc=0x00007ffd41084f69, pid=8752, tid=11244
#
# JRE version: OpenJDK Runtime Environment AdoptOpenJDK (16.0+36) (build 16+36)
# Java VM: OpenJDK 64-Bit Server VM AdoptOpenJDK (16+36, mixed mode, sharing, tiered, compressed oops, g1 gc, windows-amd64)
# Problematic frame:
# C  [KERNELBASE.dll+0x34f69]
#
# No core dump will be written. Minidumps are not enabled by default on client versions of Windows
#
# If you would like to submit a bug report, please visit:
#   https://github.com/AdoptOpenJDK/openjdk-support/issues
# The crash happened outside the Java Virtual Machine in native code.
# See problematic frame for where to report the bug.
#

---------------  S U M M A R Y ------------

Command Line: 

Host: Intel(R) Core(TM) i7-2600K CPU @ 3.40GHz, 8 cores, 31G,  Windows 10 , 64 bit Build 19041 (10.0.19041.1348)
Time: Wed Jan  5 12:17:47 2022  Windows 10 , 64 bit Build 19041 (10.0.19041.1348) elapsed time: 0.331182 seconds (0d 0h 0m 0s)

---------------  T H R E A D  ---------------

Current thread (0x000001550a453700):  JavaThread "main" [_thread_in_native, id=11244, stack(0x00000007eb000000,0x00000007eb100000)]

Stack: [0x00000007eb000000,0x00000007eb100000],  sp=0x00000007eb0fb4d0,  free space=1005k
Native frames: (J=compiled Java code, j=interpreted, Vv=VM code, C=native code)
C  [KERNELBASE.dll+0x34f69]
C  [VCRUNTIME140.dll+0x6480]
C  [cuOptimThinning.dll+0x2a26b]

Java frames: (J=compiled Java code, j=interpreted, Vv=VM code)
j  thinningoptim.SA2021.run(Ljava/lang/String;)Ljava/lang/String;+0
v  ~StubRoutines::call_stub
j  jdk.internal.reflect.NativeMethodAccessorImpl.invoke0(Ljava/lang/reflect/Method;Ljava/lang/Object;[Ljava/lang/Object;)Ljava/lang/Object;+0 java.base@16
j  jdk.internal.reflect.NativeMethodAccessorImpl.invoke(Ljava/lang/Object;[Ljava/lang/Object;)Ljava/lang/Object;+146 java.base@16
j  jdk.internal.reflect.DelegatingMethodAccessorImpl.invoke(Ljava/lang/Object;[Ljava/lang/Object;)Ljava/lang/Object;+6 java.base@16
j  java.lang.reflect.Method.invoke(Ljava/lang/Object;[Ljava/lang/Object;)Ljava/lang/Object;+59 java.base@16
v  ~StubRoutines::call_stub

siginfo: EXCEPTION_UNCAUGHT_CXX_EXCEPTION (0xe06d7363), ExceptionInformation=0x0000000019930520 0x00000007eb0fb638 0x00007ffd233603d8 0x00007ffd23310000 


Register to memory mapping:

RIP=0x00007ffd41084f69 KERNELBASE.dll
RAX=0x0000000200000001 is an unknown value
RBX=0x00007ffd233603d8 cuOptimThinning.dll
RCX=0x0000000100000000 is an unknown value
RDX=0x0000000700000000 is an unknown value
RSP=0x00000007eb0fb4d0 is pointing into the stack for thread: 0x000001550a453700
RBP=0x00000007eb0fb710 is pointing into the stack for thread: 0x000001550a453700
RSI=0x00000007eb0fb638 is pointing into the stack for thread: 0x000001550a453700
RDI=0x0000000019930520 is an unknown value
R8 =0x000001550a33f888 points into unknown readable memory: 0x000003c5294dfc11 | 11 fc 4d 29 c5 03 00 00
R9 =0x0000000100000000 is an unknown value
R10=0x00000007eb0fb9d8 is pointing into the stack for thread: 0x000001550a453700
R11=0x00000007eb0fb950 is pointing into the stack for thread: 0x000001550a453700
R12=0x00000155390c8120 points into unknown readable memory: 0x000001553923f200 | 00 f2 23 39 55 01 00 00
R13=0x00000155390c8220 points into unknown readable memory: 0x000001553923ee70 | 70 ee 23 39 55 01 00 00
R14=0x00000155390c8700 points into unknown readable memory: 0x0000015539024230 | 30 42 02 39 55 01 00 00
R15=0x00000155390c8140 points into unknown readable memory: 0x0000015539023730 | 30 37 02 39 55 01 00 00


Registers:
RAX=0x0000000200000001, RBX=0x00007ffd233603d8, RCX=0x0000000100000000, RDX=0x0000000700000000
RSP=0x00000007eb0fb4d0, RBP=0x00000007eb0fb710, RSI=0x00000007eb0fb638, RDI=0x0000000019930520
R8 =0x000001550a33f888, R9 =0x0000000100000000, R10=0x00000007eb0fb9d8, R11=0x00000007eb0fb950
R12=0x00000155390c8120, R13=0x00000155390c8220, R14=0x00000155390c8700, R15=0x00000155390c8140
RIP=0x00007ffd41084f69, EFLAGS=0x0000000000000206

Top of Stack: (sp=0x00000007eb0fb4d0)
0x00000007eb0fb4d0:   0000000000000003 00007ffd233603d8
0x00000007eb0fb4e0:   00000007eb0fb638 000000000000027c
0x00000007eb0fb4f0:   00000001e06d7363 0000000000000000
0x00000007eb0fb500:   00007ffd41084f69 0000000000000004
0x00000007eb0fb510:   0000000019930520 00000007eb0fb638
0x00000007eb0fb520:   00007ffd233603d8 00007ffd23310000
0x00000007eb0fb530:   00000155390c8220 00000155390c8120
0x00000007eb0fb540:   00000007eb0fb638 00000007eb0fb710
0x00000007eb0fb550:   00000007eb0fb5d0 00007ffd438a4a5f
0x00000007eb0fb560:   0000000019930520 00007ffd00000000
0x00000007eb0fb570:   0000000000000000 0000000000000044
0x00000007eb0fb580:   00007ffd23367000 00007ffd23310000
0x00000007eb0fb590:   000017279f82d202 00007ffd195d61be
0x00000007eb0fb5a0:   00007ffd233603d8 00007ffd195d6480
0x00000007eb0fb5b0:   0000000000000000 00000000000003ff
0x00000007eb0fb5c0:   00000155390c8700 00007ffd2332dec4 

Instructions: (pc=0x00007ffd41084f69)
0x00007ffd41084e69:   d8 21 00 00 41 0f 44 c0 89 43 24 8b 41 18 89 43
0x00007ffd41084e79:   28 65 48 8b 04 25 60 00 00 00 48 8b 48 20 39 79
0x00007ffd41084e89:   08 7c 36 41 b9 40 00 00 00 48 89 7c 24 20 4c 8d
0x00007ffd41084e99:   44 24 30 48 83 c9 ff 41 8d 51 e5 48 ff 15 7d 9d
0x00007ffd41084ea9:   18 00 0f 1f 44 00 00 85 c0 0f 88 7f ef 06 00 81
0x00007ffd41084eb9:   7c 24 54 33 00 03 00 72 0f 48 8b 9c 24 80 00 00
0x00007ffd41084ec9:   00 48 83 c4 70 5f c3 cc 89 7b 2c eb ec cc cc cc
0x00007ffd41084ed9:   cc cc cc cc cc cc cc 65 48 8b 04 25 30 00 00 00
0x00007ffd41084ee9:   8b 40 68 c3 cc cc cc cc cc cc cc cc cc cc cc cc
0x00007ffd41084ef9:   cc cc cc cc cc cc cc 48 81 ec d8 00 00 00 48 8b
0x00007ffd41084f09:   05 62 5f 25 00 48 33 c4 48 89 84 24 c0 00 00 00
0x00007ffd41084f19:   48 83 64 24 28 00 48 8d 05 da ff ff ff 83 e2 01
0x00007ffd41084f29:   89 4c 24 20 89 54 24 24 48 89 44 24 30 4d 85 c9
0x00007ffd41084f39:   74 4c b8 0f 00 00 00 48 8d 4c 24 40 44 3b c0 49
0x00007ffd41084f49:   8b d1 44 0f 47 c0 44 89 44 24 38 49 c1 e0 03 e8
0x00007ffd41084f59:   1a d5 05 00 48 8d 4c 24 20 48 ff 15 9f 9d 18 00
0x00007ffd41084f69:   0f 1f 44 00 00 48 8b 8c 24 c0 00 00 00 48 33 cc
0x00007ffd41084f79:   e8 52 97 05 00 48 81 c4 d8 00 00 00 c3 cc 83 64
0x00007ffd41084f89:   24 38 00 eb cf cc cc cc cc cc cc cc cc cc cc cc
0x00007ffd41084f99:   cc cc cc cc cc cc cc 40 53 48 83 ec 30 48 8b d1
0x00007ffd41084fa9:   48 8d 4c 24 20 e8 e5 cc ff ff 85 c0 74 26 48 8b
0x00007ffd41084fb9:   4c 24 28 e8 8f 6f ff ff 48 8d 4c 24 20 8b d8 48
0x00007ffd41084fc9:   ff 15 91 95 18 00 0f 1f 44 00 00 8b c3 48 83 c4
0x00007ffd41084fd9:   30 5b c3 cc 83 c8 ff eb f4 cc cc cc cc cc cc cc
0x00007ffd41084fe9:   cc cc cc cc cc cc cc 48 8b c4 48 89 58 10 48 89
0x00007ffd41084ff9:   70 18 57 48 83 ec 60 0f 57 c0 0f 11 40 b8 48 8d
0x00007ffd41085009:   35 b2 f5 18 00 33 db 48 85 c9 48 0f 45 f1 48 8b
0x00007ffd41085019:   d6 48 8d 48 c8 48 ff 15 c3 9b 18 00 0f 1f 44 00
0x00007ffd41085029:   00 8b f8 89 44 24 70 85 c0 78 1f 41 b0 01 48 8d
0x00007ffd41085039:   54 24 30 48 8d 4c 24 20 48 ff 15 40 95 18 00 0f
0x00007ffd41085049:   1f 44 00 00 8b f8 89 44 24 70 85 ff 0f 88 e9 ed
0x00007ffd41085059:   06 00 48 83 c8 ff 48 8b c8 48 ff c1 66 39 1c 4e 


Stack slot to memory mapping:
stack at sp + 0 slots: 0x0000000000000003 is an unknown value
stack at sp + 1 slots: 0x00007ffd233603d8 cuOptimThinning.dll
stack at sp + 2 slots: 0x00000007eb0fb638 is pointing into the stack for thread: 0x000001550a453700
stack at sp + 3 slots: 0x000000000000027c is an unknown value
stack at sp + 4 slots: 0x00000001e06d7363 is an unknown value
stack at sp + 5 slots: 0x0 is NULL
stack at sp + 6 slots: 0x00007ffd41084f69 KERNELBASE.dll
stack at sp + 7 slots: 0x0000000000000004 is an unknown value


---------------  P R O C E S S  ---------------

Threads class SMR info:
_java_thread_list=0x000001550aa091b0, length=12, elements={
0x000001550a453700, 0x000001550a8f13d0, 0x000001550a8f24f0, 0x000001550a90b760,
0x000001550a90c070, 0x000001550a90c980, 0x000001550a90d290, 0x000001550a90ded0,
0x000001550a91cd10, 0x000001550a92f260, 0x0000015539020ea0, 0x0000015539026530
}

Java Threads: ( => current thread )
=>0x000001550a453700 JavaThread "main" [_thread_in_native, id=11244, stack(0x00000007eb000000,0x00000007eb100000)]
  0x000001550a8f13d0 JavaThread "Reference Handler" daemon [_thread_blocked, id=1844, stack(0x00000007ec200000,0x00000007ec300000)]
  0x000001550a8f24f0 JavaThread "Finalizer" daemon [_thread_blocked, id=6324, stack(0x00000007ec300000,0x00000007ec400000)]
  0x000001550a90b760 JavaThread "Signal Dispatcher" daemon [_thread_blocked, id=7832, stack(0x00000007ec400000,0x00000007ec500000)]
  0x000001550a90c070 JavaThread "Attach Listener" daemon [_thread_blocked, id=4424, stack(0x00000007ec500000,0x00000007ec600000)]
  0x000001550a90c980 JavaThread "Service Thread" daemon [_thread_blocked, id=7896, stack(0x00000007ec600000,0x00000007ec700000)]
  0x000001550a90d290 JavaThread "Monitor Deflation Thread" daemon [_thread_blocked, id=3356, stack(0x00000007ec700000,0x00000007ec800000)]
  0x000001550a90ded0 JavaThread "C2 CompilerThread0" daemon [_thread_blocked, id=13756, stack(0x00000007ec800000,0x00000007ec900000)]
  0x000001550a91cd10 JavaThread "C1 CompilerThread0" daemon [_thread_blocked, id=12940, stack(0x00000007ec900000,0x00000007eca00000)]
  0x000001550a92f260 JavaThread "Sweeper thread" daemon [_thread_blocked, id=15324, stack(0x00000007eca00000,0x00000007ecb00000)]
  0x0000015539020ea0 JavaThread "Notification Thread" daemon [_thread_blocked, id=1320, stack(0x00000007ecb00000,0x00000007ecc00000)]
  0x0000015539026530 JavaThread "Common-Cleaner" daemon [_thread_blocked, id=7648, stack(0x00000007ecd00000,0x00000007ece00000)]

Other Threads:
  0x000001550a8ece30 VMThread "VM Thread" [stack: 0x00000007ec100000,0x00000007ec200000] [id=12696]
  0x00000155390253d0 WatcherThread [stack: 0x00000007ecc00000,0x00000007ecd00000] [id=10400]
  0x000001550a5e9e00 GCTaskThread "GC Thread#0" [stack: 0x00000007ebc00000,0x00000007ebd00000] [id=5288]
  0x000001550a5fa7f0 ConcurrentGCThread "G1 Main Marker" [stack: 0x00000007ebd00000,0x00000007ebe00000] [id=10832]
  0x000001550a5ff950 ConcurrentGCThread "G1 Conc#0" [stack: 0x00000007ebe00000,0x00000007ebf00000] [id=3568]
  0x000001550a41e260 ConcurrentGCThread "G1 Refine#0" [stack: 0x00000007ebf00000,0x00000007ec000000] [id=3636]
  0x000001550a41e990 ConcurrentGCThread "G1 Service" [stack: 0x00000007ec000000,0x00000007ec100000] [id=5252]

Threads with active compile tasks:

VM state: not at safepoint (normal execution)

VM Mutex/Monitor currently owned by a thread: None

Heap address: 0x000000042b800000, size: 8168 MB, Compressed Oops mode: Zero based, Oop shift amount: 3
CDS archive(s) mapped at: [0x0000000800000000-0x0000000800bf0000-0x0000000800bf0000), size 12517376, SharedBaseAddress: 0x0000000800000000, ArchiveRelocationMode: 0.
Compressed class space mapped at: 0x0000000800c00000-0x0000000840c00000, reserved size: 1073741824
Narrow klass base: 0x0000000800000000, Narrow klass shift: 3, Narrow klass range: 0x100000000

GC Precious Log:
 CPUs: 8 total, 8 available
 Memory: 32665M
 Large Page Support: Disabled
 NUMA Support: Disabled
 Compressed Oops: Enabled (Zero based)
 Heap Region Size: 4M
 Heap Min Capacity: 8M
 Heap Initial Capacity: 512M
 Heap Max Capacity: 8168M
 Pre-touch: Disabled
 Parallel Workers: 8
 Concurrent Workers: 2
 Concurrent Refinement Workers: 8
 Periodic GC: Disabled

Heap:
 garbage-first heap   total 524288K, used 0K [0x000000042b800000, 0x000000062a000000)
  region size 4096K, 1 young (4096K), 0 survivors (0K)
 Metaspace       used 840K, committed 960K, reserved 1056768K
  class space    used 68K, committed 128K, reserved 1048576K

Heap Regions: E=young(eden), S=young(survivor), O=old, HS=humongous(starts), HC=humongous(continues), CS=collection set, F=free, OA=open archive, CA=closed archive, TAMS=top-at-mark-start (previous, next)
|   0|0x000000042b800000, 0x000000042b800000, 0x000000042bc00000|  0%| F|  |TAMS 0x000000042b800000, 0x000000042b800000| Untracked 
|   1|0x000000042bc00000, 0x000000042bc00000, 0x000000042c000000|  0%| F|  |TAMS 0x000000042bc00000, 0x000000042bc00000| Untracked 
|   2|0x000000042c000000, 0x000000042c000000, 0x000000042c400000|  0%| F|  |TAMS 0x000000042c000000, 0x000000042c000000| Untracked 
|   3|0x000000042c400000, 0x000000042c400000, 0x000000042c800000|  0%| F|  |TAMS 0x000000042c400000, 0x000000042c400000| Untracked 
|   4|0x000000042c800000, 0x000000042c800000, 0x000000042cc00000|  0%| F|  |TAMS 0x000000042c800000, 0x000000042c800000| Untracked 
|   5|0x000000042cc00000, 0x000000042cc00000, 0x000000042d000000|  0%| F|  |TAMS 0x000000042cc00000, 0x000000042cc00000| Untracked 
|   6|0x000000042d000000, 0x000000042d000000, 0x000000042d400000|  0%| F|  |TAMS 0x000000042d000000, 0x000000042d000000| Untracked 
|   7|0x000000042d400000, 0x000000042d400000, 0x000000042d800000|  0%| F|  |TAMS 0x000000042d400000, 0x000000042d400000| Untracked 
|   8|0x000000042d800000, 0x000000042d800000, 0x000000042dc00000|  0%| F|  |TAMS 0x000000042d800000, 0x000000042d800000| Untracked 
|   9|0x000000042dc00000, 0x000000042dc00000, 0x000000042e000000|  0%| F|  |TAMS 0x000000042dc00000, 0x000000042dc00000| Untracked 
|  10|0x000000042e000000, 0x000000042e000000, 0x000000042e400000|  0%| F|  |TAMS 0x000000042e000000, 0x000000042e000000| Untracked 
|  11|0x000000042e400000, 0x000000042e400000, 0x000000042e800000|  0%| F|  |TAMS 0x000000042e400000, 0x000000042e400000| Untracked 
|  12|0x000000042e800000, 0x000000042e800000, 0x000000042ec00000|  0%| F|  |TAMS 0x000000042e800000, 0x000000042e800000| Untracked 
|  13|0x000000042ec00000, 0x000000042ec00000, 0x000000042f000000|  0%| F|  |TAMS 0x000000042ec00000, 0x000000042ec00000| Untracked 
|  14|0x000000042f000000, 0x000000042f000000, 0x000000042f400000|  0%| F|  |TAMS 0x000000042f000000, 0x000000042f000000| Untracked 
|  15|0x000000042f400000, 0x000000042f400000, 0x000000042f800000|  0%| F|  |TAMS 0x000000042f400000, 0x000000042f400000| Untracked 
|  16|0x000000042f800000, 0x000000042f800000, 0x000000042fc00000|  0%| F|  |TAMS 0x000000042f800000, 0x000000042f800000| Untracked 
|  17|0x000000042fc00000, 0x000000042fc00000, 0x0000000430000000|  0%| F|  |TAMS 0x000000042fc00000, 0x000000042fc00000| Untracked 
|  18|0x0000000430000000, 0x0000000430000000, 0x0000000430400000|  0%| F|  |TAMS 0x0000000430000000, 0x0000000430000000| Untracked 
|  19|0x0000000430400000, 0x0000000430400000, 0x0000000430800000|  0%| F|  |TAMS 0x0000000430400000, 0x0000000430400000| Untracked 
|  20|0x0000000430800000, 0x0000000430800000, 0x0000000430c00000|  0%| F|  |TAMS 0x0000000430800000, 0x0000000430800000| Untracked 
|  21|0x0000000430c00000, 0x0000000430c00000, 0x0000000431000000|  0%| F|  |TAMS 0x0000000430c00000, 0x0000000430c00000| Untracked 
|  22|0x0000000431000000, 0x0000000431000000, 0x0000000431400000|  0%| F|  |TAMS 0x0000000431000000, 0x0000000431000000| Untracked 
|  23|0x0000000431400000, 0x0000000431400000, 0x0000000431800000|  0%| F|  |TAMS 0x0000000431400000, 0x0000000431400000| Untracked 
|  24|0x0000000431800000, 0x0000000431800000, 0x0000000431c00000|  0%| F|  |TAMS 0x0000000431800000, 0x0000000431800000| Untracked 
|  25|0x0000000431c00000, 0x0000000431c00000, 0x0000000432000000|  0%| F|  |TAMS 0x0000000431c00000, 0x0000000431c00000| Untracked 
|  26|0x0000000432000000, 0x0000000432000000, 0x0000000432400000|  0%| F|  |TAMS 0x0000000432000000, 0x0000000432000000| Untracked 
|  27|0x0000000432400000, 0x0000000432400000, 0x0000000432800000|  0%| F|  |TAMS 0x0000000432400000, 0x0000000432400000| Untracked 
|  28|0x0000000432800000, 0x0000000432800000, 0x0000000432c00000|  0%| F|  |TAMS 0x0000000432800000, 0x0000000432800000| Untracked 
|  29|0x0000000432c00000, 0x0000000432c00000, 0x0000000433000000|  0%| F|  |TAMS 0x0000000432c00000, 0x0000000432c00000| Untracked 
|  30|0x0000000433000000, 0x0000000433000000, 0x0000000433400000|  0%| F|  |TAMS 0x0000000433000000, 0x0000000433000000| Untracked 
|  31|0x0000000433400000, 0x0000000433400000, 0x0000000433800000|  0%| F|  |TAMS 0x0000000433400000, 0x0000000433400000| Untracked 
|  32|0x0000000433800000, 0x0000000433800000, 0x0000000433c00000|  0%| F|  |TAMS 0x0000000433800000, 0x0000000433800000| Untracked 
|  33|0x0000000433c00000, 0x0000000433c00000, 0x0000000434000000|  0%| F|  |TAMS 0x0000000433c00000, 0x0000000433c00000| Untracked 
|  34|0x0000000434000000, 0x0000000434000000, 0x0000000434400000|  0%| F|  |TAMS 0x0000000434000000, 0x0000000434000000| Untracked 
|  35|0x0000000434400000, 0x0000000434400000, 0x0000000434800000|  0%| F|  |TAMS 0x0000000434400000, 0x0000000434400000| Untracked 
|  36|0x0000000434800000, 0x0000000434800000, 0x0000000434c00000|  0%| F|  |TAMS 0x0000000434800000, 0x0000000434800000| Untracked 
|  37|0x0000000434c00000, 0x0000000434c00000, 0x0000000435000000|  0%| F|  |TAMS 0x0000000434c00000, 0x0000000434c00000| Untracked 
|  38|0x0000000435000000, 0x0000000435000000, 0x0000000435400000|  0%| F|  |TAMS 0x0000000435000000, 0x0000000435000000| Untracked 
|  39|0x0000000435400000, 0x0000000435400000, 0x0000000435800000|  0%| F|  |TAMS 0x0000000435400000, 0x0000000435400000| Untracked 
|  40|0x0000000435800000, 0x0000000435800000, 0x0000000435c00000|  0%| F|  |TAMS 0x0000000435800000, 0x0000000435800000| Untracked 
|  41|0x0000000435c00000, 0x0000000435c00000, 0x0000000436000000|  0%| F|  |TAMS 0x0000000435c00000, 0x0000000435c00000| Untracked 
|  42|0x0000000436000000, 0x0000000436000000, 0x0000000436400000|  0%| F|  |TAMS 0x0000000436000000, 0x0000000436000000| Untracked 
|  43|0x0000000436400000, 0x0000000436400000, 0x0000000436800000|  0%| F|  |TAMS 0x0000000436400000, 0x0000000436400000| Untracked 
|  44|0x0000000436800000, 0x0000000436800000, 0x0000000436c00000|  0%| F|  |TAMS 0x0000000436800000, 0x0000000436800000| Untracked 
|  45|0x0000000436c00000, 0x0000000436c00000, 0x0000000437000000|  0%| F|  |TAMS 0x0000000436c00000, 0x0000000436c00000| Untracked 
|  46|0x0000000437000000, 0x0000000437000000, 0x0000000437400000|  0%| F|  |TAMS 0x0000000437000000, 0x0000000437000000| Untracked 
|  47|0x0000000437400000, 0x0000000437400000, 0x0000000437800000|  0%| F|  |TAMS 0x0000000437400000, 0x0000000437400000| Untracked 
|  48|0x0000000437800000, 0x0000000437800000, 0x0000000437c00000|  0%| F|  |TAMS 0x0000000437800000, 0x0000000437800000| Untracked 
|  49|0x0000000437c00000, 0x0000000437c00000, 0x0000000438000000|  0%| F|  |TAMS 0x0000000437c00000, 0x0000000437c00000| Untracked 
|  50|0x0000000438000000, 0x0000000438000000, 0x0000000438400000|  0%| F|  |TAMS 0x0000000438000000, 0x0000000438000000| Untracked 
|  51|0x0000000438400000, 0x0000000438400000, 0x0000000438800000|  0%| F|  |TAMS 0x0000000438400000, 0x0000000438400000| Untracked 
|  52|0x0000000438800000, 0x0000000438800000, 0x0000000438c00000|  0%| F|  |TAMS 0x0000000438800000, 0x0000000438800000| Untracked 
|  53|0x0000000438c00000, 0x0000000438c00000, 0x0000000439000000|  0%| F|  |TAMS 0x0000000438c00000, 0x0000000438c00000| Untracked 
|  54|0x0000000439000000, 0x0000000439000000, 0x0000000439400000|  0%| F|  |TAMS 0x0000000439000000, 0x0000000439000000| Untracked 
|  55|0x0000000439400000, 0x0000000439400000, 0x0000000439800000|  0%| F|  |TAMS 0x0000000439400000, 0x0000000439400000| Untracked 
|  56|0x0000000439800000, 0x0000000439800000, 0x0000000439c00000|  0%| F|  |TAMS 0x0000000439800000, 0x0000000439800000| Untracked 
|  57|0x0000000439c00000, 0x0000000439c00000, 0x000000043a000000|  0%| F|  |TAMS 0x0000000439c00000, 0x0000000439c00000| Untracked 
|  58|0x000000043a000000, 0x000000043a000000, 0x000000043a400000|  0%| F|  |TAMS 0x000000043a000000, 0x000000043a000000| Untracked 
|  59|0x000000043a400000, 0x000000043a400000, 0x000000043a800000|  0%| F|  |TAMS 0x000000043a400000, 0x000000043a400000| Untracked 
|  60|0x000000043a800000, 0x000000043a800000, 0x000000043ac00000|  0%| F|  |TAMS 0x000000043a800000, 0x000000043a800000| Untracked 
|  61|0x000000043ac00000, 0x000000043ac00000, 0x000000043b000000|  0%| F|  |TAMS 0x000000043ac00000, 0x000000043ac00000| Untracked 
|  62|0x000000043b000000, 0x000000043b000000, 0x000000043b400000|  0%| F|  |TAMS 0x000000043b000000, 0x000000043b000000| Untracked 
|  63|0x000000043b400000, 0x000000043b400000, 0x000000043b800000|  0%| F|  |TAMS 0x000000043b400000, 0x000000043b400000| Untracked 
|  64|0x000000043b800000, 0x000000043b800000, 0x000000043bc00000|  0%| F|  |TAMS 0x000000043b800000, 0x000000043b800000| Untracked 
|  65|0x000000043bc00000, 0x000000043bc00000, 0x000000043c000000|  0%| F|  |TAMS 0x000000043bc00000, 0x000000043bc00000| Untracked 
|  66|0x000000043c000000, 0x000000043c000000, 0x000000043c400000|  0%| F|  |TAMS 0x000000043c000000, 0x000000043c000000| Untracked 
|  67|0x000000043c400000, 0x000000043c400000, 0x000000043c800000|  0%| F|  |TAMS 0x000000043c400000, 0x000000043c400000| Untracked 
|  68|0x000000043c800000, 0x000000043c800000, 0x000000043cc00000|  0%| F|  |TAMS 0x000000043c800000, 0x000000043c800000| Untracked 
|  69|0x000000043cc00000, 0x000000043cc00000, 0x000000043d000000|  0%| F|  |TAMS 0x000000043cc00000, 0x000000043cc00000| Untracked 
|  70|0x000000043d000000, 0x000000043d000000, 0x000000043d400000|  0%| F|  |TAMS 0x000000043d000000, 0x000000043d000000| Untracked 
|  71|0x000000043d400000, 0x000000043d400000, 0x000000043d800000|  0%| F|  |TAMS 0x000000043d400000, 0x000000043d400000| Untracked 
|  72|0x000000043d800000, 0x000000043d800000, 0x000000043dc00000|  0%| F|  |TAMS 0x000000043d800000, 0x000000043d800000| Untracked 
|  73|0x000000043dc00000, 0x000000043dc00000, 0x000000043e000000|  0%| F|  |TAMS 0x000000043dc00000, 0x000000043dc00000| Untracked 
|  74|0x000000043e000000, 0x000000043e000000, 0x000000043e400000|  0%| F|  |TAMS 0x000000043e000000, 0x000000043e000000| Untracked 
|  75|0x000000043e400000, 0x000000043e400000, 0x000000043e800000|  0%| F|  |TAMS 0x000000043e400000, 0x000000043e400000| Untracked 
|  76|0x000000043e800000, 0x000000043e800000, 0x000000043ec00000|  0%| F|  |TAMS 0x000000043e800000, 0x000000043e800000| Untracked 
|  77|0x000000043ec00000, 0x000000043ec00000, 0x000000043f000000|  0%| F|  |TAMS 0x000000043ec00000, 0x000000043ec00000| Untracked 
|  78|0x000000043f000000, 0x000000043f000000, 0x000000043f400000|  0%| F|  |TAMS 0x000000043f000000, 0x000000043f000000| Untracked 
|  79|0x000000043f400000, 0x000000043f400000, 0x000000043f800000|  0%| F|  |TAMS 0x000000043f400000, 0x000000043f400000| Untracked 
|  80|0x000000043f800000, 0x000000043f800000, 0x000000043fc00000|  0%| F|  |TAMS 0x000000043f800000, 0x000000043f800000| Untracked 
|  81|0x000000043fc00000, 0x000000043fc00000, 0x0000000440000000|  0%| F|  |TAMS 0x000000043fc00000, 0x000000043fc00000| Untracked 
|  82|0x0000000440000000, 0x0000000440000000, 0x0000000440400000|  0%| F|  |TAMS 0x0000000440000000, 0x0000000440000000| Untracked 
|  83|0x0000000440400000, 0x0000000440400000, 0x0000000440800000|  0%| F|  |TAMS 0x0000000440400000, 0x0000000440400000| Untracked 
|  84|0x0000000440800000, 0x0000000440800000, 0x0000000440c00000|  0%| F|  |TAMS 0x0000000440800000, 0x0000000440800000| Untracked 
|  85|0x0000000440c00000, 0x0000000440c00000, 0x0000000441000000|  0%| F|  |TAMS 0x0000000440c00000, 0x0000000440c00000| Untracked 
|  86|0x0000000441000000, 0x0000000441000000, 0x0000000441400000|  0%| F|  |TAMS 0x0000000441000000, 0x0000000441000000| Untracked 
|  87|0x0000000441400000, 0x0000000441400000, 0x0000000441800000|  0%| F|  |TAMS 0x0000000441400000, 0x0000000441400000| Untracked 
|  88|0x0000000441800000, 0x0000000441800000, 0x0000000441c00000|  0%| F|  |TAMS 0x0000000441800000, 0x0000000441800000| Untracked 
|  89|0x0000000441c00000, 0x0000000441c00000, 0x0000000442000000|  0%| F|  |TAMS 0x0000000441c00000, 0x0000000441c00000| Untracked 
|  90|0x0000000442000000, 0x0000000442000000, 0x0000000442400000|  0%| F|  |TAMS 0x0000000442000000, 0x0000000442000000| Untracked 
|  91|0x0000000442400000, 0x0000000442400000, 0x0000000442800000|  0%| F|  |TAMS 0x0000000442400000, 0x0000000442400000| Untracked 
|  92|0x0000000442800000, 0x0000000442800000, 0x0000000442c00000|  0%| F|  |TAMS 0x0000000442800000, 0x0000000442800000| Untracked 
|  93|0x0000000442c00000, 0x0000000442c00000, 0x0000000443000000|  0%| F|  |TAMS 0x0000000442c00000, 0x0000000442c00000| Untracked 
|  94|0x0000000443000000, 0x0000000443000000, 0x0000000443400000|  0%| F|  |TAMS 0x0000000443000000, 0x0000000443000000| Untracked 
|  95|0x0000000443400000, 0x0000000443400000, 0x0000000443800000|  0%| F|  |TAMS 0x0000000443400000, 0x0000000443400000| Untracked 
|  96|0x0000000443800000, 0x0000000443800000, 0x0000000443c00000|  0%| F|  |TAMS 0x0000000443800000, 0x0000000443800000| Untracked 
|  97|0x0000000443c00000, 0x0000000443c00000, 0x0000000444000000|  0%| F|  |TAMS 0x0000000443c00000, 0x0000000443c00000| Untracked 
|  98|0x0000000444000000, 0x0000000444000000, 0x0000000444400000|  0%| F|  |TAMS 0x0000000444000000, 0x0000000444000000| Untracked 
|  99|0x0000000444400000, 0x0000000444400000, 0x0000000444800000|  0%| F|  |TAMS 0x0000000444400000, 0x0000000444400000| Untracked 
| 100|0x0000000444800000, 0x0000000444800000, 0x0000000444c00000|  0%| F|  |TAMS 0x0000000444800000, 0x0000000444800000| Untracked 
| 101|0x0000000444c00000, 0x0000000444c00000, 0x0000000445000000|  0%| F|  |TAMS 0x0000000444c00000, 0x0000000444c00000| Untracked 
| 102|0x0000000445000000, 0x0000000445000000, 0x0000000445400000|  0%| F|  |TAMS 0x0000000445000000, 0x0000000445000000| Untracked 
| 103|0x0000000445400000, 0x0000000445400000, 0x0000000445800000|  0%| F|  |TAMS 0x0000000445400000, 0x0000000445400000| Untracked 
| 104|0x0000000445800000, 0x0000000445800000, 0x0000000445c00000|  0%| F|  |TAMS 0x0000000445800000, 0x0000000445800000| Untracked 
| 105|0x0000000445c00000, 0x0000000445c00000, 0x0000000446000000|  0%| F|  |TAMS 0x0000000445c00000, 0x0000000445c00000| Untracked 
| 106|0x0000000446000000, 0x0000000446000000, 0x0000000446400000|  0%| F|  |TAMS 0x0000000446000000, 0x0000000446000000| Untracked 
| 107|0x0000000446400000, 0x0000000446400000, 0x0000000446800000|  0%| F|  |TAMS 0x0000000446400000, 0x0000000446400000| Untracked 
| 108|0x0000000446800000, 0x0000000446800000, 0x0000000446c00000|  0%| F|  |TAMS 0x0000000446800000, 0x0000000446800000| Untracked 
| 109|0x0000000446c00000, 0x0000000446c00000, 0x0000000447000000|  0%| F|  |TAMS 0x0000000446c00000, 0x0000000446c00000| Untracked 
| 110|0x0000000447000000, 0x0000000447000000, 0x0000000447400000|  0%| F|  |TAMS 0x0000000447000000, 0x0000000447000000| Untracked 
| 111|0x0000000447400000, 0x0000000447400000, 0x0000000447800000|  0%| F|  |TAMS 0x0000000447400000, 0x0000000447400000| Untracked 
| 112|0x0000000447800000, 0x0000000447800000, 0x0000000447c00000|  0%| F|  |TAMS 0x0000000447800000, 0x0000000447800000| Untracked 
| 113|0x0000000447c00000, 0x0000000447c00000, 0x0000000448000000|  0%| F|  |TAMS 0x0000000447c00000, 0x0000000447c00000| Untracked 
| 114|0x0000000448000000, 0x0000000448000000, 0x0000000448400000|  0%| F|  |TAMS 0x0000000448000000, 0x0000000448000000| Untracked 
| 115|0x0000000448400000, 0x0000000448400000, 0x0000000448800000|  0%| F|  |TAMS 0x0000000448400000, 0x0000000448400000| Untracked 
| 116|0x0000000448800000, 0x0000000448800000, 0x0000000448c00000|  0%| F|  |TAMS 0x0000000448800000, 0x0000000448800000| Untracked 
| 117|0x0000000448c00000, 0x0000000448c00000, 0x0000000449000000|  0%| F|  |TAMS 0x0000000448c00000, 0x0000000448c00000| Untracked 
| 118|0x0000000449000000, 0x0000000449000000, 0x0000000449400000|  0%| F|  |TAMS 0x0000000449000000, 0x0000000449000000| Untracked 
| 119|0x0000000449400000, 0x0000000449400000, 0x0000000449800000|  0%| F|  |TAMS 0x0000000449400000, 0x0000000449400000| Untracked 
| 120|0x0000000449800000, 0x0000000449800000, 0x0000000449c00000|  0%| F|  |TAMS 0x0000000449800000, 0x0000000449800000| Untracked 
| 121|0x0000000449c00000, 0x0000000449c00000, 0x000000044a000000|  0%| F|  |TAMS 0x0000000449c00000, 0x0000000449c00000| Untracked 
| 122|0x000000044a000000, 0x000000044a000000, 0x000000044a400000|  0%| F|  |TAMS 0x000000044a000000, 0x000000044a000000| Untracked 
| 123|0x000000044a400000, 0x000000044a400000, 0x000000044a800000|  0%| F|  |TAMS 0x000000044a400000, 0x000000044a400000| Untracked 
| 124|0x000000044a800000, 0x000000044a800000, 0x000000044ac00000|  0%| F|  |TAMS 0x000000044a800000, 0x000000044a800000| Untracked 
| 125|0x000000044ac00000, 0x000000044ac00000, 0x000000044b000000|  0%| F|  |TAMS 0x000000044ac00000, 0x000000044ac00000| Untracked 
| 126|0x000000044b000000, 0x000000044b000000, 0x000000044b400000|  0%| F|  |TAMS 0x000000044b000000, 0x000000044b000000| Untracked 
| 127|0x000000044b400000, 0x000000044b6667f8, 0x000000044b800000| 60%| E|  |TAMS 0x000000044b400000, 0x000000044b400000| Complete 

Card table byte_map: [0x0000015523c60000,0x0000015524c60000] _byte_map_base: 0x0000015521b04000

Marking Bits (Prev, Next): (CMBitMap*) 0x000001550a5ea120, (CMBitMap*) 0x000001550a5ea160
 Prev Bits: [0x0000015525c60000, 0x000001552dc00000)
 Next Bits: [0x000001552dc00000, 0x0000015535ba0000)

Polling page: 0x00000155020f0000

Metaspace:

Usage:
  Non-class:    771.71 KB used.
      Class:     68.91 KB used.
       Both:    840.62 KB used.

Virtual space:
  Non-class space:        8.00 MB reserved,     832.00 KB ( 10%) committed,  1 nodes.
      Class space:        1.00 GB reserved,     128.00 KB ( <1%) committed,  1 nodes.
              Both:        1.01 GB reserved,     960.00 KB ( <1%) committed. 

Chunk freelists:
   Non-Class:  3.96 MB
       Class:  3.74 MB
        Both:  7.70 MB

MaxMetaspaceSize: 17179869184.00 GB
CompressedClassSpaceSize: 1.00 GB
 - commit_granule_bytes: 65536.
 - commit_granule_words: 8192.
 - virtual_space_node_default_size: 1048576.
 - enlarge_chunks_in_place: 1.
 - new_chunks_are_fully_committed: 0.
 - uncommit_free_chunks: 1.
 - use_allocation_guard: 0.
 - handle_deallocations: 1.


Internal statistics:

num_allocs_failed_limit: 0.
num_arena_births: 12.
num_arena_deaths: 0.
num_vsnodes_births: 2.
num_vsnodes_deaths: 0.
num_space_committed: 15.
num_space_uncommitted: 0.
num_chunks_returned_to_freelist: 0.
num_chunks_taken_from_freelist: 18.
num_chunk_merges: 0.
num_chunk_splits: 12.
num_chunks_enlarged: 7.
num_purges: 0.

CodeHeap 'non-profiled nmethods': size=120000Kb used=51Kb max_used=51Kb free=119948Kb
 bounds [0x000001551adc0000, 0x000001551b030000, 0x00000155222f0000]
CodeHeap 'profiled nmethods': size=120000Kb used=276Kb max_used=276Kb free=119723Kb
 bounds [0x0000015513890000, 0x0000015513b00000, 0x000001551adc0000]
CodeHeap 'non-nmethods': size=5760Kb used=1112Kb max_used=1126Kb free=4647Kb
 bounds [0x00000155132f0000, 0x0000015513560000, 0x0000015513890000]
 total_blobs=578 nmethods=193 adapters=298
 compilation: enabled
              stopped_count=0, restarted_count=0
 full_count=0

Compilation events (20 events):
Event: 0.170 Thread 0x000001550a90ded0  183       4       java.lang.String::coder (15 bytes)
Event: 0.170 Thread 0x000001550a91cd10  184       1       java.lang.StringCoding$StringEncoder::requestedCharsetName (5 bytes)
Event: 0.170 Thread 0x000001550a91cd10 nmethod 184 0x000001551adcbf90 code [0x000001551adcc120, 0x000001551adcc1f8]
Event: 0.170 Thread 0x000001550a90ded0 nmethod 183 0x000001551adcc290 code [0x000001551adcc400, 0x000001551adcc478]
Event: 0.170 Thread 0x000001550a91cd10  185       3       java.lang.ref.Reference::refersTo (6 bytes)
Event: 0.171 Thread 0x000001550a91cd10 nmethod 185 0x00000155138d1b90 code [0x00000155138d1d40, 0x00000155138d1f08]
Event: 0.171 Thread 0x000001550a91cd10  187       3       java.nio.charset.Charset::lookup (44 bytes)
Event: 0.171 Thread 0x000001550a91cd10 nmethod 187 0x00000155138d1f90 code [0x00000155138d2180, 0x00000155138d2608]
Event: 0.171 Thread 0x000001550a91cd10  188       3       java.lang.ThreadLocal::getMap (5 bytes)
Event: 0.171 Thread 0x000001550a91cd10 nmethod 188 0x00000155138d2790 code [0x00000155138d2920, 0x00000155138d2a38]
Event: 0.171 Thread 0x000001550a91cd10  189       1       sun.nio.cs.MS932::historicalName (3 bytes)
Event: 0.171 Thread 0x000001550a91cd10 nmethod 189 0x000001551adcc990 code [0x000001551adccb20, 0x000001551adccbf8]
Event: 0.171 Thread 0x000001550a91cd10  190       3       java.lang.ThreadLocal::get (38 bytes)
Event: 0.171 Thread 0x000001550a91cd10 nmethod 190 0x00000155138d2b10 code [0x00000155138d2ce0, 0x00000155138d3018]
Event: 0.172 Thread 0x000001550a91cd10  191       3       java.lang.PublicMethods$Key::matches (31 bytes)
Event: 0.173 Thread 0x000001550a91cd10 nmethod 191 0x00000155138d3190 code [0x00000155138d3360, 0x00000155138d36d8]
Event: 0.173 Thread 0x000001550a91cd10  192       3       java.lang.CharacterData::of (124 bytes)
Event: 0.173 Thread 0x000001550a91cd10 nmethod 192 0x00000155138d3890 code [0x00000155138d3ac0, 0x00000155138d43f8]
Event: 0.173 Thread 0x000001550a91cd10  193       3       sun.reflect.generics.parser.SignatureParser::current (59 bytes)
Event: 0.174 Thread 0x000001550a91cd10 nmethod 193 0x00000155138d4610 code [0x00000155138d4820, 0x00000155138d4f18]

GC Heap History (0 events):
No events

Deoptimization events (0 events):
No events

Classes unloaded (0 events):
No events

Classes redefined (0 events):
No events

Internal exceptions (1 events):
Event: 0.136 Thread 0x000001550a453700 Exception <a 'java/lang/NoSuchMethodError'{0x000000044b56d1e0}: 'java.lang.Object java.lang.invoke.DirectMethodHandle$Holder.invokeStaticInit(java.lang.Object, int)'> (0x000000044b56d1e0) 
thrown [j:\jenkins\tmp\workspace\build\src\src\hotspot\share\interpreter\linkResolver.cpp, line 790]

Events (20 events):
Event: 0.161 loading class jdk/internal/org/objectweb/asm/Edge
Event: 0.161 loading class jdk/internal/org/objectweb/asm/Edge done
Event: 0.163 loading class java/lang/reflect/Proxy$ProxyBuilder$1
Event: 0.163 loading class java/lang/reflect/Proxy$ProxyBuilder$1 done
Event: 0.164 loading class java/lang/annotation/Target
Event: 0.164 loading class java/lang/annotation/Target done
Event: 0.166 loading class sun/reflect/generics/repository/ClassRepository
Event: 0.166 loading class sun/reflect/generics/repository/GenericDeclRepository
Event: 0.166 loading class sun/reflect/generics/repository/AbstractRepository
Event: 0.166 loading class sun/reflect/generics/repository/AbstractRepository done
Event: 0.166 loading class sun/reflect/generics/repository/GenericDeclRepository done
Event: 0.166 loading class sun/reflect/generics/repository/ClassRepository done
Event: 0.166 loading class java/lang/Class$EnclosingMethodInfo
Event: 0.166 loading class java/lang/Class$EnclosingMethodInfo done
Event: 0.167 loading class java/lang/Class$AnnotationData
Event: 0.167 loading class java/lang/Class$AnnotationData done
Event: 0.168 loading class java/io/IOException
Event: 0.168 loading class java/io/IOException done
Event: 0.168 loading class java/lang/reflect/InvocationTargetException
Event: 0.168 loading class java/lang/reflect/InvocationTargetException done


Dynamic libraries:
0x00007ff6bcfb0000 - 0x00007ff6c0afc000 	C:\Program Files\nodejs\node.exe
0x00007ffd43870000 - 0x00007ffd43a65000 	C:\WINDOWS\SYSTEM32\ntdll.dll
0x00007ffd43770000 - 0x00007ffd4382e000 	C:\WINDOWS\System32\KERNEL32.DLL
0x00007ffd41050000 - 0x00007ffd41318000 	C:\WINDOWS\System32\KERNELBASE.dll
0x00007ffd41d60000 - 0x00007ffd41dcb000 	C:\WINDOWS\System32\WS2_32.dll
0x00007ffd41e90000 - 0x00007ffd41fba000 	C:\WINDOWS\System32\RPCRT4.dll
0x00007ffd41dd0000 - 0x00007ffd41dd8000 	C:\WINDOWS\System32\PSAPI.DLL
0x00007ffd37980000 - 0x00007ffd37b64000 	C:\WINDOWS\SYSTEM32\dbghelp.dll
0x00007ffd418b0000 - 0x00007ffd4195c000 	C:\WINDOWS\System32\ADVAPI32.dll
0x00007ffd41320000 - 0x00007ffd41420000 	C:\WINDOWS\System32\ucrtbase.dll
0x00007ffd42660000 - 0x00007ffd426fe000 	C:\WINDOWS\System32\msvcrt.dll
0x00007ffd41cc0000 - 0x00007ffd41d5b000 	C:\WINDOWS\System32\sechost.dll
0x00007ffd427e0000 - 0x00007ffd42981000 	C:\WINDOWS\System32\USER32.dll
0x00007ffd403d0000 - 0x00007ffd4040b000 	C:\WINDOWS\SYSTEM32\IPHLPAPI.DLL
0x00007ffd40e80000 - 0x00007ffd40eae000 	C:\WINDOWS\SYSTEM32\USERENV.dll
0x00007ffd41530000 - 0x00007ffd41552000 	C:\WINDOWS\System32\win32u.dll
0x00007ffd42580000 - 0x00007ffd425ab000 	C:\WINDOWS\System32\GDI32.dll
0x00007ffd41420000 - 0x00007ffd4152d000 	C:\WINDOWS\System32\gdi32full.dll
0x00007ffd40fb0000 - 0x00007ffd4104d000 	C:\WINDOWS\System32\msvcp_win.dll
0x00007ffd41640000 - 0x00007ffd41796000 	C:\WINDOWS\System32\CRYPT32.dll
0x00007ffd40f80000 - 0x00007ffd40fa7000 	C:\WINDOWS\System32\bcrypt.dll
0x00007ffd35130000 - 0x00007ffd35157000 	C:\WINDOWS\SYSTEM32\WINMM.dll
0x00007ffd40920000 - 0x00007ffd4092c000 	C:\WINDOWS\SYSTEM32\CRYPTBASE.DLL
0x00007ffd431c0000 - 0x00007ffd431f0000 	C:\WINDOWS\System32\IMM32.DLL
0x00007ffd40540000 - 0x00007ffd4058b000 	C:\WINDOWS\SYSTEM32\powrprof.dll
0x00007ffd403b0000 - 0x00007ffd403c2000 	C:\WINDOWS\SYSTEM32\UMPDC.dll
0x00007ffd3e910000 - 0x00007ffd3e9ae000 	C:\WINDOWS\system32\uxtheme.dll
0x00007ffd433b0000 - 0x00007ffd43705000 	C:\WINDOWS\System32\combase.dll
0x00007ffd40730000 - 0x00007ffd4079a000 	C:\WINDOWS\system32\mswsock.dll
0x00007ffd3ee90000 - 0x00007ffd3eea2000 	C:\WINDOWS\SYSTEM32\kernel.appcore.dll
0x00007ffd41560000 - 0x00007ffd415e2000 	C:\WINDOWS\System32\bcryptprimitives.dll
0x00007ffd233f0000 - 0x00007ffd23456000 	\\?\E:\shiun\forest-operation-optimization\node_modules\java\build\Release\nodejavabridge_bindings.node
0x00007ffceb110000 - 0x00007ffcebd47000 	C:\Program Files\AdoptOpenJDK\jdk-16.0.0.36-hotspot\bin\server\jvm.dll
0x00007ffd195d0000 - 0x00007ffd195eb000 	C:\WINDOWS\SYSTEM32\VCRUNTIME140.dll
0x00007ffd38750000 - 0x00007ffd3875a000 	C:\WINDOWS\SYSTEM32\VERSION.dll
0x00007ffd19530000 - 0x00007ffd1953c000 	C:\WINDOWS\SYSTEM32\VCRUNTIME140_1.dll
0x00007ffcf5ed0000 - 0x00007ffcf5ed9000 	C:\WINDOWS\SYSTEM32\WSOCK32.dll
0x00007ffd3c820000 - 0x00007ffd3c82a000 	C:\Program Files\AdoptOpenJDK\jdk-16.0.0.36-hotspot\bin\jimage.dll
0x00007ffd31ff0000 - 0x00007ffd3201c000 	C:\WINDOWS\SYSTEM32\dbgcore.DLL
0x00007ffd35080000 - 0x00007ffd350a5000 	C:\Program Files\AdoptOpenJDK\jdk-16.0.0.36-hotspot\bin\java.dll
0x00007ffd42a70000 - 0x00007ffd431b4000 	C:\WINDOWS\System32\SHELL32.dll
0x00007ffd3f090000 - 0x00007ffd3f824000 	C:\WINDOWS\SYSTEM32\windows.storage.dll
0x00007ffd409d0000 - 0x00007ffd409fe000 	C:\WINDOWS\SYSTEM32\Wldp.dll
0x00007ffd41de0000 - 0x00007ffd41e8d000 	C:\WINDOWS\System32\SHCORE.dll
0x00007ffd41a90000 - 0x00007ffd41ae5000 	C:\WINDOWS\System32\shlwapi.dll
0x00007ffd40ec0000 - 0x00007ffd40edf000 	C:\WINDOWS\SYSTEM32\profapi.dll
0x00007ffd3c2b0000 - 0x00007ffd3c2c9000 	C:\Program Files\AdoptOpenJDK\jdk-16.0.0.36-hotspot\bin\net.dll
0x00007ffd3bac0000 - 0x00007ffd3bbcc000 	C:\WINDOWS\SYSTEM32\WINHTTP.dll
0x00007ffd34d60000 - 0x00007ffd34d73000 	C:\Program Files\AdoptOpenJDK\jdk-16.0.0.36-hotspot\bin\nio.dll
0x00007ffd322e0000 - 0x00007ffd322f8000 	C:\Program Files\AdoptOpenJDK\jdk-16.0.0.36-hotspot\bin\zip.dll
0x00007ffd23310000 - 0x00007ffd233e5000 	E:\shiun\forest-operation-optimization\cuOptimThinning.dll
0x00007ffd19540000 - 0x00007ffd195cd000 	C:\WINDOWS\SYSTEM32\MSVCP140.dll
0x00007ffd22ea0000 - 0x00007ffd22ed1000 	C:\WINDOWS\SYSTEM32\VCOMP140.DLL

dbghelp: loaded successfully - version: 4.0.5 - missing functions: none
symbol engine: initialized successfully - sym options: 0x614 - pdb path: .;C:\Program Files\nodejs;C:\WINDOWS\SYSTEM32;\\?\E:\shiun\forest-operation-optimization\node_modules\java\build\Release;C:\Program Files\AdoptOpenJDK\jdk-16.0.0.36-hotspot\bin\server;C:\Program Files\AdoptOpenJDK\jdk-16.0.0.36-hotspot\bin;E:\shiun\forest-operation-optimization

VM Arguments:
java_command: <unknown>
java_class_path (initial): E:\shiun\forest-operation-optimization\node_modules\java\commons-lang3-node-java.jar;E:\shiun\forest-operation-optimization\node_modules\java\src-java;OptimThinningJNI-1.0.jar
Launcher Type: generic

[Global flags]
     intx CICompilerCount                          = 4                                         {product} {ergonomic}
     uint ConcGCThreads                            = 2                                         {product} {ergonomic}
     uint G1ConcRefinementThreads                  = 8                                         {product} {ergonomic}
   size_t G1HeapRegionSize                         = 4194304                                   {product} {ergonomic}
    uintx GCDrainStackTargetSize                   = 64                                        {product} {ergonomic}
   size_t InitialHeapSize                          = 536870912                                 {product} {ergonomic}
   size_t MarkStackSize                            = 4194304                                   {product} {ergonomic}
   size_t MaxHeapSize                              = 8564768768                                {product} {ergonomic}
   size_t MaxNewSize                               = 5138022400                                {product} {ergonomic}
   size_t MinHeapDeltaBytes                        = 4194304                                   {product} {ergonomic}
   size_t MinHeapSize                              = 8388608                                   {product} {ergonomic}
    uintx NonNMethodCodeHeapSize                   = 5839372                                {pd product} {ergonomic}
    uintx NonProfiledCodeHeapSize                  = 122909434                              {pd product} {ergonomic}
    uintx ProfiledCodeHeapSize                     = 122909434                              {pd product} {ergonomic}
    uintx ReservedCodeCacheSize                    = 251658240                              {pd product} {ergonomic}
     bool SegmentedCodeCache                       = true                                      {product} {ergonomic}
   size_t SoftMaxHeapSize                          = 8564768768                             {manageable} {ergonomic}
     bool UseCompressedClassPointers               = true                           {product lp64_product} {ergonomic}
     bool UseCompressedOops                        = true                           {product lp64_product} {ergonomic}
     bool UseG1GC                                  = true                                      {product} {ergonomic}
     bool UseLargePagesIndividualAllocation        = false                                  {pd product} {ergonomic}

Logging:
Log output configuration:
 #0: stdout all=warning uptime,level,tags
 #1: stderr all=off uptime,level,tags

Environment Variables:
JAVA_HOME=C:\Program Files\AdoptOpenJDK\jdk-16.0.0.36-hotspot
PATH=Z:\temp\yarn--1641352663538-0.16744121356583452;E:\shiun\forest-operation-optimization\node_modules\.bin;C:\Users\fpsfm\AppData\Local\Yarn\Data\link\node_modules\.bin;C:\Program Files\libexec\lib\node_modules\npm\bin\node-gyp-bin;C:\Program Files\lib\node_modules\npm\bin\node-gyp-bin;C:\Program Files\nodejs\node_modules\npm\bin\node-gyp-bin;C:\Program Files\AdoptOpenJDK\jdk-16.0.0.36-hotspot\bin;C:\Program Files\NVIDIA GPU Computing Toolkit\CUDA\v11.2\bin;C:\Program Files\NVIDIA GPU Computing Toolkit\CUDA\v11.2\libnvvp;C:\WINDOWS\system32;C:\WINDOWS;C:\WINDOWS\System32\Wbem;C:\WINDOWS\System32\WindowsPowerShell\v1.0\;C:\WINDOWS\System32\OpenSSH\;C:\Program Files\NVIDIA Corporation\Nsight Compute 2020.3.1\;C:\Program Files (x86)\NVIDIA Corporation\PhysX\Common;C:\Program Files\NVIDIA Corporation\NVIDIA NvDLISR;C:\WINDOWS\system32;C:\WINDOWS;C:\WINDOWS\System32\Wbem;C:\WINDOWS\System32\WindowsPowerShell\v1.0\;C:\WINDOWS\System32\OpenSSH\;C:\Program Files\Git\cmd;C:\Users\fpsfm\AppData\Roaming\nvm;C:\Program Files\nodejs;C:\Program Files\nodejs\;C:\Users\fpsfm\AppData\Local\Microsoft\WindowsApps;C:\Users\fpsfm\AppData\Local\Programs\Microsoft VS Code\bin;C:\Program Files\Git\bin;C:\Program Files\Git\cmd;C:\Users\fpsfm\AppData\Roaming\nvm;C:\Program Files\nodejs;E:\Windows\fpsfmデスクトップ\nvm-setup\nvm-setup.exe;C:\Users\fpsfm\AppData\Local\Yarn\bin;C:\Users\fpsfm\AppData\Roaming\npm;C:\Program Files\AdoptOpenJDK\jdk-16.0.0.36-hotspot\bin;C:\Program Files\Heroku\bin;C:\Users\fpsfm\AppData\Roaming\npm;
USERNAME=fpsfm
LANG=ja_JP.UTF-8
OS=Windows_NT
PROCESSOR_IDENTIFIER=Intel64 Family 6 Model 42 Stepping 7, GenuineIntel



---------------  S Y S T E M  ---------------

OS:
 Windows 10 , 64 bit Build 19041 (10.0.19041.1348)
OS uptime: 5 days 0:14 hours

CPU: total 8 (initial active 8) (4 cores per cpu, 2 threads per core) family 6 model 42 stepping 7 microcode 0x2f, cx8, cmov, fxsr, ht, mmx, sse, sse2, sse3, ssse3, sse4.1, sse4.2, popcnt, tsc, tscinvbit, avx, aes, clmul, vzeroupper, clflush

Memory: 4k page, system-wide physical 32665M (17464M free)
TotalPageFile size 32665M (AvailPageFile size 13205M)
current process WorkingSet (physical memory assigned to process): 66M, peak: 66M
current process commit charge ("private bytes"): 637M, peak: 637M

vm_info: OpenJDK 64-Bit Server VM (16+36) for windows-amd64 JRE (16+36), built on Mar 11 2021 10:56:33 by "" with MS VC++ 16.7 (VS2019)

END.
